<?xml version="1.0" encoding="UTF-8"?>
<!-- Generated by org.testng.reporters.JUnitXMLReporter -->
<testsuite ignored="0" hostname="Nikita" failures="0" tests="39" name="Surefire test" time="239.139" errors="0" timestamp="2026-05-25T22:16:39 IST">
  <testcase classname="io.cucumber.testng.AbstractTestNGCucumberTests" name="runScenario" time="5.622"/>
  <testcase classname="io.cucumber.testng.AbstractTestNGCucumberTests" name="runScenario" time="15.576"/>
  <testcase classname="io.cucumber.testng.AbstractTestNGCucumberTests" name="runScenario" time="4.883"/>
  <testcase classname="io.cucumber.testng.AbstractTestNGCucumberTests" name="runScenario" time="4.414"/>
  <testcase classname="io.cucumber.testng.AbstractTestNGCucumberTests" name="runScenario" time="6.33"/>
  <testcase classname="io.cucumber.testng.AbstractTestNGCucumberTests" name="runScenario" time="5.536"/>
  <testcase classname="io.cucumber.testng.AbstractTestNGCucumberTests" name="runScenario" time="4.022"/>
  <testcase classname="tests.CartTest" name="addProductToCart" time="1.047"/>
  <testcase classname="tests.CartTest" name="updateProductQuantity" time="3.845"/>
  <testcase classname="tests.CartTest" name="removeProductFromCart" time="5.429"/>
  <testcase classname="tests.CartTest" name="verifyTotalAmount" time="3.161"/>
  <testcase classname="tests.CartTest" name="verifyEmptyCartMessage" time="5.71"/>
  <testcase classname="tests.CheckoutTest" name="proceedToCheckout" time="7.511"/>
  <testcase classname="tests.CheckoutTest" name="verifyBillingDetails" time="5.763"/>
  <testcase classname="tests.CheckoutTest" name="verifyDeliveryDetails" time="5.892"/>
  <testcase classname="tests.CheckoutTest" name="verifyPaymentMethod" time="5.876"/>
  <testcase classname="tests.CheckoutTest" name="confirmOrderSuccessfully" time="10.516"/>
  <testcase classname="tests.LoginTest" name="loginWithValidCredentials" time="1.939"/>
  <testcase classname="tests.LoginTest" name="loginWithInvalidEmail" time="1.879"/>
  <testcase classname="tests.LoginTest" name="loginWithInvalidPassword" time="5.725"/>
  <testcase classname="tests.LoginTest" name="loginWithBlankCredentials" time="1.62"/>
  <testcase classname="tests.LoginTest" name="verifyWarningMessage" time="1.911"/>
  <testcase classname="tests.LoginTest" name="verifyLoginPageUI" time="1.028"/>
  <testcase classname="tests.LogoutTest" name="logoutSuccessfully" time="2.109"/>
  <testcase classname="tests.LogoutTest" name="verifyRedirectAfterLogout" time="2.633"/>
  <testcase classname="tests.LogoutTest" name="verifyLogoutMessage" time="2.797"/>
  <testcase classname="tests.LogoutTest" name="verifySessionEndsAfterLogout" time="2.502"/>
  <testcase classname="tests.LogoutTest" name="verifyMyAccountOptionsAfterLogout" time="2.47"/>
  <testcase classname="tests.RegistrationTest" name="registerWithMandatoryFields" time="2.731"/>
  <testcase classname="tests.RegistrationTest" name="registerWithExistingEmail" time="3.398"/>
  <testcase classname="tests.RegistrationTest" name="registerWithoutFillingFields" time="1.234"/>
  <testcase classname="tests.RegistrationTest" name="verifyPasswordMismatch" time="2.479"/>
  <testcase classname="tests.RegistrationTest" name="verifyPrivacyPolicyWarning" time="2.202"/>
  <testcase classname="tests.RegistrationTest" name="verifySuccessfulAccountCreation" time="3.008"/>
  <testcase classname="tests.SearchTest" name="searchWithValidKeyword" time="0.903"/>
  <testcase classname="tests.SearchTest" name="searchWithInvalidKeyword" time="0.584"/>
  <testcase classname="tests.SearchTest" name="searchWithEmptyField" time="1.089"/>
  <testcase classname="tests.SearchTest" name="verifySearchResults" time="0.643"/>
  <testcase classname="tests.SearchTest" name="verifyProductDetails" time="0.748"/>
</testsuite> <!-- Surefire test -->
