<?xml version="1.0" encoding="UTF-8"?>
<!-- Generated by org.testng.reporters.JUnitXMLReporter -->
<testsuite ignored="0" hostname="Nikita" failures="0" tests="39" name="Surefire test" time="284.089" errors="0" timestamp="2026-05-25T14:52:15 IST">
  <testcase classname="io.cucumber.testng.AbstractTestNGCucumberTests" name="runScenario" time="10.438"/>
  <testcase classname="io.cucumber.testng.AbstractTestNGCucumberTests" name="runScenario" time="18.428"/>
  <testcase classname="io.cucumber.testng.AbstractTestNGCucumberTests" name="runScenario" time="7.705"/>
  <testcase classname="io.cucumber.testng.AbstractTestNGCucumberTests" name="runScenario" time="6.474"/>
  <testcase classname="io.cucumber.testng.AbstractTestNGCucumberTests" name="runScenario" time="6.47"/>
  <testcase classname="io.cucumber.testng.AbstractTestNGCucumberTests" name="runScenario" time="6.478"/>
  <testcase classname="io.cucumber.testng.AbstractTestNGCucumberTests" name="runScenario" time="4.187"/>
  <testcase classname="tests.CartTest" name="addProductToCart" time="2.092"/>
  <testcase classname="tests.CartTest" name="updateProductQuantity" time="4.44"/>
  <testcase classname="tests.CartTest" name="removeProductFromCart" time="3.562"/>
  <testcase classname="tests.CartTest" name="verifyTotalAmount" time="3.711"/>
  <testcase classname="tests.CartTest" name="verifyEmptyCartMessage" time="4.442"/>
  <testcase classname="tests.CheckoutTest" name="proceedToCheckout" time="6.242"/>
  <testcase classname="tests.CheckoutTest" name="verifyBillingDetails" time="7.516"/>
  <testcase classname="tests.CheckoutTest" name="verifyDeliveryDetails" time="7.124"/>
  <testcase classname="tests.CheckoutTest" name="verifyPaymentMethod" time="7.298"/>
  <testcase classname="tests.CheckoutTest" name="confirmOrderSuccessfully" time="14.358"/>
  <testcase classname="tests.LoginTest" name="loginWithValidCredentials" time="12.405"/>
  <testcase classname="tests.LoginTest" name="loginWithInvalidEmail" time="4.817"/>
  <testcase classname="tests.LoginTest" name="loginWithInvalidPassword" time="2.465"/>
  <testcase classname="tests.LoginTest" name="loginWithBlankCredentials" time="2.331"/>
  <testcase classname="tests.LoginTest" name="verifyWarningMessage" time="1.945"/>
  <testcase classname="tests.LoginTest" name="verifyLoginPageUI" time="0.898"/>
  <testcase classname="tests.LogoutTest" name="logoutSuccessfully" time="3.187"/>
  <testcase classname="tests.LogoutTest" name="verifyRedirectAfterLogout" time="3.48"/>
  <testcase classname="tests.LogoutTest" name="verifyLogoutMessage" time="4.799"/>
  <testcase classname="tests.LogoutTest" name="verifySessionEndsAfterLogout" time="4.271"/>
  <testcase classname="tests.LogoutTest" name="verifyMyAccountOptionsAfterLogout" time="3.669"/>
  <testcase classname="tests.RegistrationTest" name="registerWithMandatoryFields" time="3.109"/>
  <testcase classname="tests.RegistrationTest" name="registerWithExistingEmail" time="3.182"/>
  <testcase classname="tests.RegistrationTest" name="registerWithoutFillingFields" time="1.674"/>
  <testcase classname="tests.RegistrationTest" name="verifyPasswordMismatch" time="2.888"/>
  <testcase classname="tests.RegistrationTest" name="verifyPrivacyPolicyWarning" time="2.512"/>
  <testcase classname="tests.RegistrationTest" name="verifySuccessfulAccountCreation" time="2.83"/>
  <testcase classname="tests.SearchTest" name="searchWithValidKeyword" time="0.943"/>
  <testcase classname="tests.SearchTest" name="searchWithInvalidKeyword" time="1.315"/>
  <testcase classname="tests.SearchTest" name="searchWithEmptyField" time="0.656"/>
  <testcase classname="tests.SearchTest" name="verifySearchResults" time="0.984"/>
  <testcase classname="tests.SearchTest" name="verifyProductDetails" time="1.534"/>
</testsuite> <!-- Surefire test -->
