<?xml version="1.0" encoding="UTF-8"?>
<!-- Generated by org.testng.reporters.JUnitXMLReporter -->
<testsuite ignored="0" hostname="Nikita" failures="1" tests="6" name="Login Tests" time="34.831" errors="0" timestamp="2026-05-25T08:13:49 IST">
  <testcase classname="tests.LoginTest" name="loginWithValidCredentials" time="3.608">
    <failure type="java.lang.AssertionError" message="expected [true] but found [false]">
      <![CDATA[java.lang.AssertionError: expected [true] but found [false]
at tests.LoginTest.loginWithValidCredentials(LoginTest.java:23)
at java.base/java.util.ArrayList.forEach(ArrayList.java:1511)
... Removed 31 stack frames]]>
    </failure>
  </testcase> <!-- loginWithValidCredentials -->
  <testcase classname="tests.LoginTest" name="loginWithInvalidEmail" time="2.636"/>
  <testcase classname="tests.LoginTest" name="loginWithInvalidPassword" time="1.718"/>
  <testcase classname="tests.LoginTest" name="loginWithBlankCredentials" time="2.632"/>
  <testcase classname="tests.LoginTest" name="verifyErrorMessage" time="1.272"/>
  <testcase classname="tests.LoginTest" name="verifyLoginPageUIElements" time="0.778"/>
</testsuite> <!-- Login Tests -->
