<?xml version="1.0" encoding="UTF-8"?>
<testng-results ignored="0" total="39" passed="39" failed="0" skipped="0">
  <reporter-output>
  </reporter-output>
  <suite started-at="2026-05-25T22:12:40 IST" name="Surefire suite" finished-at="2026-05-25T22:16:39 IST" duration-ms="239139">
    <groups>
      <group name="cucumber">
        <method signature="AbstractTestNGCucumberTests.runScenario(io.cucumber.testng.PickleWrapper,io.cucumber.testng.FeatureWrapper)[pri:0, instance:runner.TestRunner@12d4bf7e]" name="runScenario" class="io.cucumber.testng.AbstractTestNGCucumberTests"/>
      </group> <!-- cucumber -->
    </groups>
    <test started-at="2026-05-25T22:12:40 IST" name="Surefire test" finished-at="2026-05-25T22:16:39 IST" duration-ms="239139">
      <class name="tests.LoginTest">
        <test-method is-config="true" signature="setup()[pri:0, instance:tests.LoginTest@29176cc1]" started-at="2026-05-25T22:14:49 IST" name="setup" finished-at="2026-05-25T22:14:52 IST" duration-ms="2036" status="PASS">
          <reporter-output>
          </reporter-output>
        </test-method> <!-- setup -->
        <test-method signature="loginWithValidCredentials()[pri:1, instance:tests.LoginTest@29176cc1]" started-at="2026-05-25T22:14:52 IST" name="loginWithValidCredentials" finished-at="2026-05-25T22:14:53 IST" duration-ms="1939" status="PASS">
          <reporter-output>
          </reporter-output>
        </test-method> <!-- loginWithValidCredentials -->
        <test-method is-config="true" signature="tearDown()[pri:0, instance:tests.LoginTest@29176cc1]" started-at="2026-05-25T22:14:53 IST" name="tearDown" finished-at="2026-05-25T22:14:54 IST" duration-ms="373" status="PASS">
          <reporter-output>
          </reporter-output>
        </test-method> <!-- tearDown -->
        <test-method is-config="true" signature="setup()[pri:0, instance:tests.LoginTest@29176cc1]" started-at="2026-05-25T22:14:54 IST" name="setup" finished-at="2026-05-25T22:14:56 IST" duration-ms="2217" status="PASS">
          <reporter-output>
          </reporter-output>
        </test-method> <!-- setup -->
        <test-method signature="loginWithInvalidEmail()[pri:2, instance:tests.LoginTest@29176cc1]" started-at="2026-05-25T22:14:56 IST" name="loginWithInvalidEmail" finished-at="2026-05-25T22:14:58 IST" duration-ms="1879" status="PASS">
          <reporter-output>
          </reporter-output>
        </test-method> <!-- loginWithInvalidEmail -->
        <test-method is-config="true" signature="tearDown()[pri:0, instance:tests.LoginTest@29176cc1]" started-at="2026-05-25T22:14:58 IST" name="tearDown" finished-at="2026-05-25T22:14:59 IST" duration-ms="587" status="PASS">
          <reporter-output>
          </reporter-output>
        </test-method> <!-- tearDown -->
        <test-method is-config="true" signature="setup()[pri:0, instance:tests.LoginTest@29176cc1]" started-at="2026-05-25T22:14:59 IST" name="setup" finished-at="2026-05-25T22:15:02 IST" duration-ms="3336" status="PASS">
          <reporter-output>
          </reporter-output>
        </test-method> <!-- setup -->
        <test-method signature="loginWithInvalidPassword()[pri:3, instance:tests.LoginTest@29176cc1]" started-at="2026-05-25T22:15:02 IST" name="loginWithInvalidPassword" finished-at="2026-05-25T22:15:08 IST" duration-ms="5725" status="PASS">
          <reporter-output>
          </reporter-output>
        </test-method> <!-- loginWithInvalidPassword -->
        <test-method is-config="true" signature="tearDown()[pri:0, instance:tests.LoginTest@29176cc1]" started-at="2026-05-25T22:15:08 IST" name="tearDown" finished-at="2026-05-25T22:15:08 IST" duration-ms="502" status="PASS">
          <reporter-output>
          </reporter-output>
        </test-method> <!-- tearDown -->
        <test-method is-config="true" signature="setup()[pri:0, instance:tests.LoginTest@29176cc1]" started-at="2026-05-25T22:15:08 IST" name="setup" finished-at="2026-05-25T22:15:10 IST" duration-ms="2140" status="PASS">
          <reporter-output>
          </reporter-output>
        </test-method> <!-- setup -->
        <test-method signature="loginWithBlankCredentials()[pri:4, instance:tests.LoginTest@29176cc1]" started-at="2026-05-25T22:15:10 IST" name="loginWithBlankCredentials" finished-at="2026-05-25T22:15:12 IST" duration-ms="1620" status="PASS">
          <reporter-output>
          </reporter-output>
        </test-method> <!-- loginWithBlankCredentials -->
        <test-method is-config="true" signature="tearDown()[pri:0, instance:tests.LoginTest@29176cc1]" started-at="2026-05-25T22:15:12 IST" name="tearDown" finished-at="2026-05-25T22:15:13 IST" duration-ms="753" status="PASS">
          <reporter-output>
          </reporter-output>
        </test-method> <!-- tearDown -->
        <test-method is-config="true" signature="setup()[pri:0, instance:tests.LoginTest@29176cc1]" started-at="2026-05-25T22:15:13 IST" name="setup" finished-at="2026-05-25T22:15:15 IST" duration-ms="2533" status="PASS">
          <reporter-output>
          </reporter-output>
        </test-method> <!-- setup -->
        <test-method signature="verifyWarningMessage()[pri:5, instance:tests.LoginTest@29176cc1]" started-at="2026-05-25T22:15:15 IST" name="verifyWarningMessage" finished-at="2026-05-25T22:15:17 IST" duration-ms="1911" status="PASS">
          <reporter-output>
          </reporter-output>
        </test-method> <!-- verifyWarningMessage -->
        <test-method is-config="true" signature="tearDown()[pri:0, instance:tests.LoginTest@29176cc1]" started-at="2026-05-25T22:15:17 IST" name="tearDown" finished-at="2026-05-25T22:15:18 IST" duration-ms="625" status="PASS">
          <reporter-output>
          </reporter-output>
        </test-method> <!-- tearDown -->
        <test-method is-config="true" signature="setup()[pri:0, instance:tests.LoginTest@29176cc1]" started-at="2026-05-25T22:15:18 IST" name="setup" finished-at="2026-05-25T22:15:19 IST" duration-ms="1787" status="PASS">
          <reporter-output>
          </reporter-output>
        </test-method> <!-- setup -->
        <test-method signature="verifyLoginPageUI()[pri:6, instance:tests.LoginTest@29176cc1]" started-at="2026-05-25T22:15:19 IST" name="verifyLoginPageUI" finished-at="2026-05-25T22:15:20 IST" duration-ms="1028" status="PASS">
          <reporter-output>
          </reporter-output>
        </test-method> <!-- verifyLoginPageUI -->
        <test-method is-config="true" signature="tearDown()[pri:0, instance:tests.LoginTest@29176cc1]" started-at="2026-05-25T22:15:20 IST" name="tearDown" finished-at="2026-05-25T22:15:21 IST" duration-ms="582" status="PASS">
          <reporter-output>
          </reporter-output>
        </test-method> <!-- tearDown -->
      </class> <!-- tests.LoginTest -->
      <class name="tests.CartTest">
        <test-method is-config="true" signature="setup()[pri:0, instance:tests.CartTest@2928854b]" started-at="2026-05-25T22:13:27 IST" name="setup" finished-at="2026-05-25T22:13:30 IST" duration-ms="2480" status="PASS">
          <reporter-output>
          </reporter-output>
        </test-method> <!-- setup -->
        <test-method signature="addProductToCart()[pri:1, instance:tests.CartTest@2928854b]" started-at="2026-05-25T22:13:30 IST" name="addProductToCart" finished-at="2026-05-25T22:13:31 IST" duration-ms="1047" status="PASS">
          <reporter-output>
          </reporter-output>
        </test-method> <!-- addProductToCart -->
        <test-method is-config="true" signature="tearDown()[pri:0, instance:tests.CartTest@2928854b]" started-at="2026-05-25T22:13:31 IST" name="tearDown" finished-at="2026-05-25T22:13:31 IST" duration-ms="554" status="PASS">
          <reporter-output>
          </reporter-output>
        </test-method> <!-- tearDown -->
        <test-method is-config="true" signature="setup()[pri:0, instance:tests.CartTest@2928854b]" started-at="2026-05-25T22:13:31 IST" name="setup" finished-at="2026-05-25T22:13:34 IST" duration-ms="2265" status="PASS">
          <reporter-output>
          </reporter-output>
        </test-method> <!-- setup -->
        <test-method signature="updateProductQuantity()[pri:2, instance:tests.CartTest@2928854b]" started-at="2026-05-25T22:13:34 IST" name="updateProductQuantity" finished-at="2026-05-25T22:13:38 IST" duration-ms="3845" status="PASS">
          <reporter-output>
          </reporter-output>
        </test-method> <!-- updateProductQuantity -->
        <test-method is-config="true" signature="tearDown()[pri:0, instance:tests.CartTest@2928854b]" started-at="2026-05-25T22:13:38 IST" name="tearDown" finished-at="2026-05-25T22:13:38 IST" duration-ms="571" status="PASS">
          <reporter-output>
          </reporter-output>
        </test-method> <!-- tearDown -->
        <test-method is-config="true" signature="setup()[pri:0, instance:tests.CartTest@2928854b]" started-at="2026-05-25T22:13:38 IST" name="setup" finished-at="2026-05-25T22:13:40 IST" duration-ms="2311" status="PASS">
          <reporter-output>
          </reporter-output>
        </test-method> <!-- setup -->
        <test-method signature="removeProductFromCart()[pri:3, instance:tests.CartTest@2928854b]" started-at="2026-05-25T22:13:40 IST" name="removeProductFromCart" finished-at="2026-05-25T22:13:46 IST" duration-ms="5429" status="PASS">
          <reporter-output>
          </reporter-output>
        </test-method> <!-- removeProductFromCart -->
        <test-method is-config="true" signature="tearDown()[pri:0, instance:tests.CartTest@2928854b]" started-at="2026-05-25T22:13:46 IST" name="tearDown" finished-at="2026-05-25T22:13:46 IST" duration-ms="565" status="PASS">
          <reporter-output>
          </reporter-output>
        </test-method> <!-- tearDown -->
        <test-method is-config="true" signature="setup()[pri:0, instance:tests.CartTest@2928854b]" started-at="2026-05-25T22:13:46 IST" name="setup" finished-at="2026-05-25T22:13:48 IST" duration-ms="2027" status="PASS">
          <reporter-output>
          </reporter-output>
        </test-method> <!-- setup -->
        <test-method signature="verifyTotalAmount()[pri:4, instance:tests.CartTest@2928854b]" started-at="2026-05-25T22:13:48 IST" name="verifyTotalAmount" finished-at="2026-05-25T22:13:52 IST" duration-ms="3161" status="PASS">
          <reporter-output>
          </reporter-output>
        </test-method> <!-- verifyTotalAmount -->
        <test-method is-config="true" signature="tearDown()[pri:0, instance:tests.CartTest@2928854b]" started-at="2026-05-25T22:13:52 IST" name="tearDown" finished-at="2026-05-25T22:13:52 IST" duration-ms="664" status="PASS">
          <reporter-output>
          </reporter-output>
        </test-method> <!-- tearDown -->
        <test-method is-config="true" signature="setup()[pri:0, instance:tests.CartTest@2928854b]" started-at="2026-05-25T22:13:52 IST" name="setup" finished-at="2026-05-25T22:13:54 IST" duration-ms="1720" status="PASS">
          <reporter-output>
          </reporter-output>
        </test-method> <!-- setup -->
        <test-method signature="verifyEmptyCartMessage()[pri:5, instance:tests.CartTest@2928854b]" started-at="2026-05-25T22:13:54 IST" name="verifyEmptyCartMessage" finished-at="2026-05-25T22:14:00 IST" duration-ms="5710" status="PASS">
          <reporter-output>
          </reporter-output>
        </test-method> <!-- verifyEmptyCartMessage -->
        <test-method is-config="true" signature="tearDown()[pri:0, instance:tests.CartTest@2928854b]" started-at="2026-05-25T22:14:00 IST" name="tearDown" finished-at="2026-05-25T22:14:00 IST" duration-ms="559" status="PASS">
          <reporter-output>
          </reporter-output>
        </test-method> <!-- tearDown -->
      </class> <!-- tests.CartTest -->
      <class name="tests.RegistrationTest">
        <test-method is-config="true" signature="setup()[pri:0, instance:tests.RegistrationTest@4278a03f]" started-at="2026-05-25T22:15:49 IST" name="setup" finished-at="2026-05-25T22:15:52 IST" duration-ms="3651" status="PASS">
          <reporter-output>
          </reporter-output>
        </test-method> <!-- setup -->
        <test-method signature="registerWithMandatoryFields()[pri:1, instance:tests.RegistrationTest@4278a03f]" started-at="2026-05-25T22:15:52 IST" name="registerWithMandatoryFields" finished-at="2026-05-25T22:15:55 IST" duration-ms="2731" status="PASS">
          <reporter-output>
          </reporter-output>
        </test-method> <!-- registerWithMandatoryFields -->
        <test-method is-config="true" signature="tearDown()[pri:0, instance:tests.RegistrationTest@4278a03f]" started-at="2026-05-25T22:15:55 IST" name="tearDown" finished-at="2026-05-25T22:15:56 IST" duration-ms="817" status="PASS">
          <reporter-output>
          </reporter-output>
        </test-method> <!-- tearDown -->
        <test-method is-config="true" signature="setup()[pri:0, instance:tests.RegistrationTest@4278a03f]" started-at="2026-05-25T22:15:56 IST" name="setup" finished-at="2026-05-25T22:15:58 IST" duration-ms="2203" status="PASS">
          <reporter-output>
          </reporter-output>
        </test-method> <!-- setup -->
        <test-method signature="registerWithExistingEmail()[pri:2, instance:tests.RegistrationTest@4278a03f]" started-at="2026-05-25T22:15:58 IST" name="registerWithExistingEmail" finished-at="2026-05-25T22:16:02 IST" duration-ms="3398" status="PASS">
          <reporter-output>
          </reporter-output>
        </test-method> <!-- registerWithExistingEmail -->
        <test-method is-config="true" signature="tearDown()[pri:0, instance:tests.RegistrationTest@4278a03f]" started-at="2026-05-25T22:16:02 IST" name="tearDown" finished-at="2026-05-25T22:16:02 IST" duration-ms="576" status="PASS">
          <reporter-output>
          </reporter-output>
        </test-method> <!-- tearDown -->
        <test-method is-config="true" signature="setup()[pri:0, instance:tests.RegistrationTest@4278a03f]" started-at="2026-05-25T22:16:02 IST" name="setup" finished-at="2026-05-25T22:16:04 IST" duration-ms="2227" status="PASS">
          <reporter-output>
          </reporter-output>
        </test-method> <!-- setup -->
        <test-method signature="registerWithoutFillingFields()[pri:3, instance:tests.RegistrationTest@4278a03f]" started-at="2026-05-25T22:16:04 IST" name="registerWithoutFillingFields" finished-at="2026-05-25T22:16:06 IST" duration-ms="1234" status="PASS">
          <reporter-output>
          </reporter-output>
        </test-method> <!-- registerWithoutFillingFields -->
        <test-method is-config="true" signature="tearDown()[pri:0, instance:tests.RegistrationTest@4278a03f]" started-at="2026-05-25T22:16:06 IST" name="tearDown" finished-at="2026-05-25T22:16:06 IST" duration-ms="554" status="PASS">
          <reporter-output>
          </reporter-output>
        </test-method> <!-- tearDown -->
        <test-method is-config="true" signature="setup()[pri:0, instance:tests.RegistrationTest@4278a03f]" started-at="2026-05-25T22:16:06 IST" name="setup" finished-at="2026-05-25T22:16:08 IST" duration-ms="2183" status="PASS">
          <reporter-output>
          </reporter-output>
        </test-method> <!-- setup -->
        <test-method signature="verifyPasswordMismatch()[pri:4, instance:tests.RegistrationTest@4278a03f]" started-at="2026-05-25T22:16:08 IST" name="verifyPasswordMismatch" finished-at="2026-05-25T22:16:11 IST" duration-ms="2479" status="PASS">
          <reporter-output>
          </reporter-output>
        </test-method> <!-- verifyPasswordMismatch -->
        <test-method is-config="true" signature="tearDown()[pri:0, instance:tests.RegistrationTest@4278a03f]" started-at="2026-05-25T22:16:11 IST" name="tearDown" finished-at="2026-05-25T22:16:11 IST" duration-ms="547" status="PASS">
          <reporter-output>
          </reporter-output>
        </test-method> <!-- tearDown -->
        <test-method is-config="true" signature="setup()[pri:0, instance:tests.RegistrationTest@4278a03f]" started-at="2026-05-25T22:16:11 IST" name="setup" finished-at="2026-05-25T22:16:14 IST" duration-ms="2201" status="PASS">
          <reporter-output>
          </reporter-output>
        </test-method> <!-- setup -->
        <test-method signature="verifyPrivacyPolicyWarning()[pri:5, instance:tests.RegistrationTest@4278a03f]" started-at="2026-05-25T22:16:14 IST" name="verifyPrivacyPolicyWarning" finished-at="2026-05-25T22:16:16 IST" duration-ms="2202" status="PASS">
          <reporter-output>
          </reporter-output>
        </test-method> <!-- verifyPrivacyPolicyWarning -->
        <test-method is-config="true" signature="tearDown()[pri:0, instance:tests.RegistrationTest@4278a03f]" started-at="2026-05-25T22:16:16 IST" name="tearDown" finished-at="2026-05-25T22:16:16 IST" duration-ms="542" status="PASS">
          <reporter-output>
          </reporter-output>
        </test-method> <!-- tearDown -->
        <test-method is-config="true" signature="setup()[pri:0, instance:tests.RegistrationTest@4278a03f]" started-at="2026-05-25T22:16:16 IST" name="setup" finished-at="2026-05-25T22:16:18 IST" duration-ms="1712" status="PASS">
          <reporter-output>
          </reporter-output>
        </test-method> <!-- setup -->
        <test-method signature="verifySuccessfulAccountCreation()[pri:6, instance:tests.RegistrationTest@4278a03f]" started-at="2026-05-25T22:16:18 IST" name="verifySuccessfulAccountCreation" finished-at="2026-05-25T22:16:21 IST" duration-ms="3008" status="PASS">
          <reporter-output>
          </reporter-output>
        </test-method> <!-- verifySuccessfulAccountCreation -->
        <test-method is-config="true" signature="tearDown()[pri:0, instance:tests.RegistrationTest@4278a03f]" started-at="2026-05-25T22:16:21 IST" name="tearDown" finished-at="2026-05-25T22:16:22 IST" duration-ms="515" status="PASS">
          <reporter-output>
          </reporter-output>
        </test-method> <!-- tearDown -->
      </class> <!-- tests.RegistrationTest -->
      <class name="tests.CheckoutTest">
        <test-method is-config="true" signature="setup()[pri:0, instance:tests.CheckoutTest@27ae2fd0]" started-at="2026-05-25T22:14:00 IST" name="setup" finished-at="2026-05-25T22:14:02 IST" duration-ms="1983" status="PASS">
          <reporter-output>
          </reporter-output>
        </test-method> <!-- setup -->
        <test-method signature="proceedToCheckout()[pri:1, instance:tests.CheckoutTest@27ae2fd0]" started-at="2026-05-25T22:14:02 IST" name="proceedToCheckout" finished-at="2026-05-25T22:14:10 IST" duration-ms="7511" status="PASS">
          <reporter-output>
          </reporter-output>
        </test-method> <!-- proceedToCheckout -->
        <test-method is-config="true" signature="tearDown()[pri:0, instance:tests.CheckoutTest@27ae2fd0]" started-at="2026-05-25T22:14:10 IST" name="tearDown" finished-at="2026-05-25T22:14:10 IST" duration-ms="708" status="PASS">
          <reporter-output>
          </reporter-output>
        </test-method> <!-- tearDown -->
        <test-method is-config="true" signature="setup()[pri:0, instance:tests.CheckoutTest@27ae2fd0]" started-at="2026-05-25T22:14:10 IST" name="setup" finished-at="2026-05-25T22:14:13 IST" duration-ms="2172" status="PASS">
          <reporter-output>
          </reporter-output>
        </test-method> <!-- setup -->
        <test-method signature="verifyBillingDetails()[pri:2, instance:tests.CheckoutTest@27ae2fd0]" started-at="2026-05-25T22:14:13 IST" name="verifyBillingDetails" finished-at="2026-05-25T22:14:18 IST" duration-ms="5763" status="PASS">
          <reporter-output>
          </reporter-output>
        </test-method> <!-- verifyBillingDetails -->
        <test-method is-config="true" signature="tearDown()[pri:0, instance:tests.CheckoutTest@27ae2fd0]" started-at="2026-05-25T22:14:18 IST" name="tearDown" finished-at="2026-05-25T22:14:19 IST" duration-ms="577" status="PASS">
          <reporter-output>
          </reporter-output>
        </test-method> <!-- tearDown -->
        <test-method is-config="true" signature="setup()[pri:0, instance:tests.CheckoutTest@27ae2fd0]" started-at="2026-05-25T22:14:19 IST" name="setup" finished-at="2026-05-25T22:14:21 IST" duration-ms="2209" status="PASS">
          <reporter-output>
          </reporter-output>
        </test-method> <!-- setup -->
        <test-method signature="verifyDeliveryDetails()[pri:3, instance:tests.CheckoutTest@27ae2fd0]" started-at="2026-05-25T22:14:21 IST" name="verifyDeliveryDetails" finished-at="2026-05-25T22:14:27 IST" duration-ms="5892" status="PASS">
          <reporter-output>
          </reporter-output>
        </test-method> <!-- verifyDeliveryDetails -->
        <test-method is-config="true" signature="tearDown()[pri:0, instance:tests.CheckoutTest@27ae2fd0]" started-at="2026-05-25T22:14:27 IST" name="tearDown" finished-at="2026-05-25T22:14:28 IST" duration-ms="597" status="PASS">
          <reporter-output>
          </reporter-output>
        </test-method> <!-- tearDown -->
        <test-method is-config="true" signature="setup()[pri:0, instance:tests.CheckoutTest@27ae2fd0]" started-at="2026-05-25T22:14:28 IST" name="setup" finished-at="2026-05-25T22:14:30 IST" duration-ms="2121" status="PASS">
          <reporter-output>
          </reporter-output>
        </test-method> <!-- setup -->
        <test-method signature="verifyPaymentMethod()[pri:4, instance:tests.CheckoutTest@27ae2fd0]" started-at="2026-05-25T22:14:30 IST" name="verifyPaymentMethod" finished-at="2026-05-25T22:14:36 IST" duration-ms="5876" status="PASS">
          <reporter-output>
          </reporter-output>
        </test-method> <!-- verifyPaymentMethod -->
        <test-method is-config="true" signature="tearDown()[pri:0, instance:tests.CheckoutTest@27ae2fd0]" started-at="2026-05-25T22:14:36 IST" name="tearDown" finished-at="2026-05-25T22:14:36 IST" duration-ms="573" status="PASS">
          <reporter-output>
          </reporter-output>
        </test-method> <!-- tearDown -->
        <test-method is-config="true" signature="setup()[pri:0, instance:tests.CheckoutTest@27ae2fd0]" started-at="2026-05-25T22:14:36 IST" name="setup" finished-at="2026-05-25T22:14:38 IST" duration-ms="2198" status="PASS">
          <reporter-output>
          </reporter-output>
        </test-method> <!-- setup -->
        <test-method signature="confirmOrderSuccessfully()[pri:5, instance:tests.CheckoutTest@27ae2fd0]" started-at="2026-05-25T22:14:38 IST" name="confirmOrderSuccessfully" finished-at="2026-05-25T22:14:49 IST" duration-ms="10516" status="PASS">
          <reporter-output>
          </reporter-output>
        </test-method> <!-- confirmOrderSuccessfully -->
        <test-method is-config="true" signature="tearDown()[pri:0, instance:tests.CheckoutTest@27ae2fd0]" started-at="2026-05-25T22:14:49 IST" name="tearDown" finished-at="2026-05-25T22:14:49 IST" duration-ms="537" status="PASS">
          <reporter-output>
          </reporter-output>
        </test-method> <!-- tearDown -->
      </class> <!-- tests.CheckoutTest -->
      <class name="runner.TestRunner">
        <test-method is-config="true" signature="setUpClass(org.testng.ITestContext)[pri:0, instance:runner.TestRunner@12d4bf7e]" started-at="2026-05-25T22:12:40 IST" name="setUpClass" finished-at="2026-05-25T22:12:41 IST" duration-ms="697" status="PASS">
          <params>
            <param index="0">
              <value>
                <![CDATA[org.testng.TestRunner@26ab3c1b]]>
              </value>
            </param>
          </params>
          <reporter-output>
          </reporter-output>
        </test-method> <!-- setUpClass -->
        <test-method signature="runScenario(io.cucumber.testng.PickleWrapper,io.cucumber.testng.FeatureWrapper)[pri:0, instance:runner.TestRunner@12d4bf7e]" started-at="2026-05-25T22:12:41 IST" name="runScenario" description="Runs Cucumber Scenarios" data-provider="scenarios" finished-at="2026-05-25T22:12:47 IST" duration-ms="5622" status="PASS">
          <params>
            <param index="0">
              <value>
                <![CDATA["Add product to cart"]]>
              </value>
            </param>
            <param index="1">
              <value>
                <![CDATA["Cart Module"]]>
              </value>
            </param>
          </params>
          <reporter-output>
          </reporter-output>
        </test-method> <!-- runScenario -->
        <test-method signature="runScenario(io.cucumber.testng.PickleWrapper,io.cucumber.testng.FeatureWrapper)[pri:0, instance:runner.TestRunner@12d4bf7e]" started-at="2026-05-25T22:12:47 IST" name="runScenario" description="Runs Cucumber Scenarios" data-provider="scenarios" finished-at="2026-05-25T22:13:02 IST" duration-ms="15576" status="PASS">
          <params>
            <param index="0">
              <value>
                <![CDATA["Complete checkout successfully"]]>
              </value>
            </param>
            <param index="1">
              <value>
                <![CDATA["Checkout Module"]]>
              </value>
            </param>
          </params>
          <reporter-output>
          </reporter-output>
        </test-method> <!-- runScenario -->
        <test-method signature="runScenario(io.cucumber.testng.PickleWrapper,io.cucumber.testng.FeatureWrapper)[pri:0, instance:runner.TestRunner@12d4bf7e]" started-at="2026-05-25T22:13:02 IST" name="runScenario" description="Runs Cucumber Scenarios" data-provider="scenarios" finished-at="2026-05-25T22:13:07 IST" duration-ms="4883" status="PASS">
          <params>
            <param index="0">
              <value>
                <![CDATA["Login with valid credentials"]]>
              </value>
            </param>
            <param index="1">
              <value>
                <![CDATA["Login Module"]]>
              </value>
            </param>
          </params>
          <reporter-output>
          </reporter-output>
        </test-method> <!-- runScenario -->
        <test-method signature="runScenario(io.cucumber.testng.PickleWrapper,io.cucumber.testng.FeatureWrapper)[pri:0, instance:runner.TestRunner@12d4bf7e]" started-at="2026-05-25T22:13:07 IST" name="runScenario" description="Runs Cucumber Scenarios" data-provider="scenarios" finished-at="2026-05-25T22:13:11 IST" duration-ms="4414" status="PASS">
          <params>
            <param index="0">
              <value>
                <![CDATA["Login with invalid email"]]>
              </value>
            </param>
            <param index="1">
              <value>
                <![CDATA["Login Module"]]>
              </value>
            </param>
          </params>
          <reporter-output>
          </reporter-output>
        </test-method> <!-- runScenario -->
        <test-method signature="runScenario(io.cucumber.testng.PickleWrapper,io.cucumber.testng.FeatureWrapper)[pri:0, instance:runner.TestRunner@12d4bf7e]" started-at="2026-05-25T22:13:11 IST" name="runScenario" description="Runs Cucumber Scenarios" data-provider="scenarios" finished-at="2026-05-25T22:13:18 IST" duration-ms="6330" status="PASS">
          <params>
            <param index="0">
              <value>
                <![CDATA["Logout successfully"]]>
              </value>
            </param>
            <param index="1">
              <value>
                <![CDATA["Logout Module"]]>
              </value>
            </param>
          </params>
          <reporter-output>
          </reporter-output>
        </test-method> <!-- runScenario -->
        <test-method signature="runScenario(io.cucumber.testng.PickleWrapper,io.cucumber.testng.FeatureWrapper)[pri:0, instance:runner.TestRunner@12d4bf7e]" started-at="2026-05-25T22:13:18 IST" name="runScenario" description="Runs Cucumber Scenarios" data-provider="scenarios" finished-at="2026-05-25T22:13:23 IST" duration-ms="5536" status="PASS">
          <params>
            <param index="0">
              <value>
                <![CDATA["Register successfully"]]>
              </value>
            </param>
            <param index="1">
              <value>
                <![CDATA["Registration Module"]]>
              </value>
            </param>
          </params>
          <reporter-output>
          </reporter-output>
        </test-method> <!-- runScenario -->
        <test-method signature="runScenario(io.cucumber.testng.PickleWrapper,io.cucumber.testng.FeatureWrapper)[pri:0, instance:runner.TestRunner@12d4bf7e]" started-at="2026-05-25T22:13:23 IST" name="runScenario" description="Runs Cucumber Scenarios" data-provider="scenarios" finished-at="2026-05-25T22:13:27 IST" duration-ms="4022" status="PASS">
          <params>
            <param index="0">
              <value>
                <![CDATA["Search valid product"]]>
              </value>
            </param>
            <param index="1">
              <value>
                <![CDATA["Search Product"]]>
              </value>
            </param>
          </params>
          <reporter-output>
          </reporter-output>
        </test-method> <!-- runScenario -->
        <test-method is-config="true" signature="tearDownClass()[pri:0, instance:runner.TestRunner@12d4bf7e]" started-at="2026-05-25T22:13:27 IST" name="tearDownClass" finished-at="2026-05-25T22:13:27 IST" duration-ms="12" status="PASS">
          <reporter-output>
          </reporter-output>
        </test-method> <!-- tearDownClass -->
      </class> <!-- runner.TestRunner -->
      <class name="tests.LogoutTest">
        <test-method is-config="true" signature="setup()[pri:0, instance:tests.LogoutTest@2f177a4b]" started-at="2026-05-25T22:15:21 IST" name="setup" finished-at="2026-05-25T22:15:23 IST" duration-ms="2328" status="PASS">
          <reporter-output>
          </reporter-output>
        </test-method> <!-- setup -->
        <test-method signature="logoutSuccessfully()[pri:1, instance:tests.LogoutTest@2f177a4b]" started-at="2026-05-25T22:15:23 IST" name="logoutSuccessfully" finished-at="2026-05-25T22:15:26 IST" duration-ms="2109" status="PASS">
          <reporter-output>
          </reporter-output>
        </test-method> <!-- logoutSuccessfully -->
        <test-method is-config="true" signature="tearDown()[pri:0, instance:tests.LogoutTest@2f177a4b]" started-at="2026-05-25T22:15:26 IST" name="tearDown" finished-at="2026-05-25T22:15:26 IST" duration-ms="600" status="PASS">
          <reporter-output>
          </reporter-output>
        </test-method> <!-- tearDown -->
        <test-method is-config="true" signature="setup()[pri:0, instance:tests.LogoutTest@2f177a4b]" started-at="2026-05-25T22:15:26 IST" name="setup" finished-at="2026-05-25T22:15:28 IST" duration-ms="2122" status="PASS">
          <reporter-output>
          </reporter-output>
        </test-method> <!-- setup -->
        <test-method signature="verifyRedirectAfterLogout()[pri:2, instance:tests.LogoutTest@2f177a4b]" started-at="2026-05-25T22:15:28 IST" name="verifyRedirectAfterLogout" finished-at="2026-05-25T22:15:31 IST" duration-ms="2633" status="PASS">
          <reporter-output>
          </reporter-output>
        </test-method> <!-- verifyRedirectAfterLogout -->
        <test-method is-config="true" signature="tearDown()[pri:0, instance:tests.LogoutTest@2f177a4b]" started-at="2026-05-25T22:15:31 IST" name="tearDown" finished-at="2026-05-25T22:15:31 IST" duration-ms="568" status="PASS">
          <reporter-output>
          </reporter-output>
        </test-method> <!-- tearDown -->
        <test-method is-config="true" signature="setup()[pri:0, instance:tests.LogoutTest@2f177a4b]" started-at="2026-05-25T22:15:31 IST" name="setup" finished-at="2026-05-25T22:15:33 IST" duration-ms="1583" status="PASS">
          <reporter-output>
          </reporter-output>
        </test-method> <!-- setup -->
        <test-method signature="verifyLogoutMessage()[pri:3, instance:tests.LogoutTest@2f177a4b]" started-at="2026-05-25T22:15:33 IST" name="verifyLogoutMessage" finished-at="2026-05-25T22:15:36 IST" duration-ms="2797" status="PASS">
          <reporter-output>
          </reporter-output>
        </test-method> <!-- verifyLogoutMessage -->
        <test-method is-config="true" signature="tearDown()[pri:0, instance:tests.LogoutTest@2f177a4b]" started-at="2026-05-25T22:15:36 IST" name="tearDown" finished-at="2026-05-25T22:15:36 IST" duration-ms="597" status="PASS">
          <reporter-output>
          </reporter-output>
        </test-method> <!-- tearDown -->
        <test-method is-config="true" signature="setup()[pri:0, instance:tests.LogoutTest@2f177a4b]" started-at="2026-05-25T22:15:36 IST" name="setup" finished-at="2026-05-25T22:15:41 IST" duration-ms="4184" status="PASS">
          <reporter-output>
          </reporter-output>
        </test-method> <!-- setup -->
        <test-method signature="verifySessionEndsAfterLogout()[pri:4, instance:tests.LogoutTest@2f177a4b]" started-at="2026-05-25T22:15:41 IST" name="verifySessionEndsAfterLogout" finished-at="2026-05-25T22:15:43 IST" duration-ms="2502" status="PASS">
          <reporter-output>
          </reporter-output>
        </test-method> <!-- verifySessionEndsAfterLogout -->
        <test-method is-config="true" signature="tearDown()[pri:0, instance:tests.LogoutTest@2f177a4b]" started-at="2026-05-25T22:15:43 IST" name="tearDown" finished-at="2026-05-25T22:15:44 IST" duration-ms="520" status="PASS">
          <reporter-output>
          </reporter-output>
        </test-method> <!-- tearDown -->
        <test-method is-config="true" signature="setup()[pri:0, instance:tests.LogoutTest@2f177a4b]" started-at="2026-05-25T22:15:44 IST" name="setup" finished-at="2026-05-25T22:15:46 IST" duration-ms="2100" status="PASS">
          <reporter-output>
          </reporter-output>
        </test-method> <!-- setup -->
        <test-method signature="verifyMyAccountOptionsAfterLogout()[pri:5, instance:tests.LogoutTest@2f177a4b]" started-at="2026-05-25T22:15:46 IST" name="verifyMyAccountOptionsAfterLogout" finished-at="2026-05-25T22:15:48 IST" duration-ms="2470" status="PASS">
          <reporter-output>
          </reporter-output>
        </test-method> <!-- verifyMyAccountOptionsAfterLogout -->
        <test-method is-config="true" signature="tearDown()[pri:0, instance:tests.LogoutTest@2f177a4b]" started-at="2026-05-25T22:15:48 IST" name="tearDown" finished-at="2026-05-25T22:15:49 IST" duration-ms="620" status="PASS">
          <reporter-output>
          </reporter-output>
        </test-method> <!-- tearDown -->
      </class> <!-- tests.LogoutTest -->
      <class name="tests.SearchTest">
        <test-method is-config="true" signature="setup()[pri:0, instance:tests.SearchTest@147ed70f]" started-at="2026-05-25T22:16:22 IST" name="setup" finished-at="2026-05-25T22:16:24 IST" duration-ms="2074" status="PASS">
          <reporter-output>
          </reporter-output>
        </test-method> <!-- setup -->
        <test-method signature="searchWithValidKeyword()[pri:1, instance:tests.SearchTest@147ed70f]" started-at="2026-05-25T22:16:24 IST" name="searchWithValidKeyword" finished-at="2026-05-25T22:16:25 IST" duration-ms="903" status="PASS">
          <reporter-output>
          </reporter-output>
        </test-method> <!-- searchWithValidKeyword -->
        <test-method is-config="true" signature="tearDown()[pri:0, instance:tests.SearchTest@147ed70f]" started-at="2026-05-25T22:16:25 IST" name="tearDown" finished-at="2026-05-25T22:16:25 IST" duration-ms="584" status="PASS">
          <reporter-output>
          </reporter-output>
        </test-method> <!-- tearDown -->
        <test-method is-config="true" signature="setup()[pri:0, instance:tests.SearchTest@147ed70f]" started-at="2026-05-25T22:16:25 IST" name="setup" finished-at="2026-05-25T22:16:27 IST" duration-ms="2166" status="PASS">
          <reporter-output>
          </reporter-output>
        </test-method> <!-- setup -->
        <test-method signature="searchWithInvalidKeyword()[pri:2, instance:tests.SearchTest@147ed70f]" started-at="2026-05-25T22:16:27 IST" name="searchWithInvalidKeyword" finished-at="2026-05-25T22:16:28 IST" duration-ms="584" status="PASS">
          <reporter-output>
          </reporter-output>
        </test-method> <!-- searchWithInvalidKeyword -->
        <test-method is-config="true" signature="tearDown()[pri:0, instance:tests.SearchTest@147ed70f]" started-at="2026-05-25T22:16:28 IST" name="tearDown" finished-at="2026-05-25T22:16:29 IST" duration-ms="632" status="PASS">
          <reporter-output>
          </reporter-output>
        </test-method> <!-- tearDown -->
        <test-method is-config="true" signature="setup()[pri:0, instance:tests.SearchTest@147ed70f]" started-at="2026-05-25T22:16:29 IST" name="setup" finished-at="2026-05-25T22:16:30 IST" duration-ms="1925" status="PASS">
          <reporter-output>
          </reporter-output>
        </test-method> <!-- setup -->
        <test-method signature="searchWithEmptyField()[pri:3, instance:tests.SearchTest@147ed70f]" started-at="2026-05-25T22:16:30 IST" name="searchWithEmptyField" finished-at="2026-05-25T22:16:32 IST" duration-ms="1089" status="PASS">
          <reporter-output>
          </reporter-output>
        </test-method> <!-- searchWithEmptyField -->
        <test-method is-config="true" signature="tearDown()[pri:0, instance:tests.SearchTest@147ed70f]" started-at="2026-05-25T22:16:32 IST" name="tearDown" finished-at="2026-05-25T22:16:32 IST" duration-ms="598" status="PASS">
          <reporter-output>
          </reporter-output>
        </test-method> <!-- tearDown -->
        <test-method is-config="true" signature="setup()[pri:0, instance:tests.SearchTest@147ed70f]" started-at="2026-05-25T22:16:32 IST" name="setup" finished-at="2026-05-25T22:16:34 IST" duration-ms="2232" status="PASS">
          <reporter-output>
          </reporter-output>
        </test-method> <!-- setup -->
        <test-method signature="verifySearchResults()[pri:4, instance:tests.SearchTest@147ed70f]" started-at="2026-05-25T22:16:34 IST" name="verifySearchResults" finished-at="2026-05-25T22:16:35 IST" duration-ms="643" status="PASS">
          <reporter-output>
          </reporter-output>
        </test-method> <!-- verifySearchResults -->
        <test-method is-config="true" signature="tearDown()[pri:0, instance:tests.SearchTest@147ed70f]" started-at="2026-05-25T22:16:35 IST" name="tearDown" finished-at="2026-05-25T22:16:36 IST" duration-ms="753" status="PASS">
          <reporter-output>
          </reporter-output>
        </test-method> <!-- tearDown -->
        <test-method is-config="true" signature="setup()[pri:0, instance:tests.SearchTest@147ed70f]" started-at="2026-05-25T22:16:36 IST" name="setup" finished-at="2026-05-25T22:16:38 IST" duration-ms="2107" status="PASS">
          <reporter-output>
          </reporter-output>
        </test-method> <!-- setup -->
        <test-method signature="verifyProductDetails()[pri:5, instance:tests.SearchTest@147ed70f]" started-at="2026-05-25T22:16:38 IST" name="verifyProductDetails" finished-at="2026-05-25T22:16:39 IST" duration-ms="748" status="PASS">
          <reporter-output>
          </reporter-output>
        </test-method> <!-- verifyProductDetails -->
        <test-method is-config="true" signature="tearDown()[pri:0, instance:tests.SearchTest@147ed70f]" started-at="2026-05-25T22:16:39 IST" name="tearDown" finished-at="2026-05-25T22:16:39 IST" duration-ms="671" status="PASS">
          <reporter-output>
          </reporter-output>
        </test-method> <!-- tearDown -->
      </class> <!-- tests.SearchTest -->
    </test> <!-- Surefire test -->
  </suite> <!-- Surefire suite -->
</testng-results>
