<?xml version="1.0" encoding="UTF-8"?>
<testng-results ignored="0" total="39" passed="39" failed="0" skipped="0">
  <reporter-output>
  </reporter-output>
  <suite started-at="2026-05-25T14:47:31 IST" name="Surefire suite" finished-at="2026-05-25T14:52:15 IST" duration-ms="284089">
    <groups>
      <group name="cucumber">
        <method signature="AbstractTestNGCucumberTests.runScenario(io.cucumber.testng.PickleWrapper,io.cucumber.testng.FeatureWrapper)[pri:0, instance:runner.TestRunner@12d4bf7e]" name="runScenario" class="io.cucumber.testng.AbstractTestNGCucumberTests"/>
      </group> <!-- cucumber -->
    </groups>
    <test started-at="2026-05-25T14:47:31 IST" name="Surefire test" finished-at="2026-05-25T14:52:15 IST" duration-ms="284089">
      <class name="tests.LoginTest">
        <test-method is-config="true" signature="setup()[pri:0, instance:tests.LoginTest@29176cc1]" started-at="2026-05-25T14:50:04 IST" name="setup" finished-at="2026-05-25T14:50:07 IST" duration-ms="3274" status="PASS">
          <reporter-output>
          </reporter-output>
        </test-method> <!-- setup -->
        <test-method signature="loginWithValidCredentials()[pri:1, instance:tests.LoginTest@29176cc1]" started-at="2026-05-25T14:50:07 IST" name="loginWithValidCredentials" finished-at="2026-05-25T14:50:20 IST" duration-ms="12405" status="PASS">
          <reporter-output>
          </reporter-output>
        </test-method> <!-- loginWithValidCredentials -->
        <test-method is-config="true" signature="tearDown()[pri:0, instance:tests.LoginTest@29176cc1]" started-at="2026-05-25T14:50:20 IST" name="tearDown" finished-at="2026-05-25T14:50:20 IST" duration-ms="618" status="PASS">
          <reporter-output>
          </reporter-output>
        </test-method> <!-- tearDown -->
        <test-method is-config="true" signature="setup()[pri:0, instance:tests.LoginTest@29176cc1]" started-at="2026-05-25T14:50:20 IST" name="setup" finished-at="2026-05-25T14:50:23 IST" duration-ms="2846" status="PASS">
          <reporter-output>
          </reporter-output>
        </test-method> <!-- setup -->
        <test-method signature="loginWithInvalidEmail()[pri:2, instance:tests.LoginTest@29176cc1]" started-at="2026-05-25T14:50:23 IST" name="loginWithInvalidEmail" finished-at="2026-05-25T14:50:28 IST" duration-ms="4817" status="PASS">
          <reporter-output>
          </reporter-output>
        </test-method> <!-- loginWithInvalidEmail -->
        <test-method is-config="true" signature="tearDown()[pri:0, instance:tests.LoginTest@29176cc1]" started-at="2026-05-25T14:50:28 IST" name="tearDown" finished-at="2026-05-25T14:50:28 IST" duration-ms="601" status="PASS">
          <reporter-output>
          </reporter-output>
        </test-method> <!-- tearDown -->
        <test-method is-config="true" signature="setup()[pri:0, instance:tests.LoginTest@29176cc1]" started-at="2026-05-25T14:50:28 IST" name="setup" finished-at="2026-05-25T14:50:31 IST" duration-ms="2334" status="PASS">
          <reporter-output>
          </reporter-output>
        </test-method> <!-- setup -->
        <test-method signature="loginWithInvalidPassword()[pri:3, instance:tests.LoginTest@29176cc1]" started-at="2026-05-25T14:50:31 IST" name="loginWithInvalidPassword" finished-at="2026-05-25T14:50:33 IST" duration-ms="2465" status="PASS">
          <reporter-output>
          </reporter-output>
        </test-method> <!-- loginWithInvalidPassword -->
        <test-method is-config="true" signature="tearDown()[pri:0, instance:tests.LoginTest@29176cc1]" started-at="2026-05-25T14:50:33 IST" name="tearDown" finished-at="2026-05-25T14:50:34 IST" duration-ms="528" status="PASS">
          <reporter-output>
          </reporter-output>
        </test-method> <!-- tearDown -->
        <test-method is-config="true" signature="setup()[pri:0, instance:tests.LoginTest@29176cc1]" started-at="2026-05-25T14:50:34 IST" name="setup" finished-at="2026-05-25T14:50:36 IST" duration-ms="2772" status="PASS">
          <reporter-output>
          </reporter-output>
        </test-method> <!-- setup -->
        <test-method signature="loginWithBlankCredentials()[pri:4, instance:tests.LoginTest@29176cc1]" started-at="2026-05-25T14:50:36 IST" name="loginWithBlankCredentials" finished-at="2026-05-25T14:50:39 IST" duration-ms="2331" status="PASS">
          <reporter-output>
          </reporter-output>
        </test-method> <!-- loginWithBlankCredentials -->
        <test-method is-config="true" signature="tearDown()[pri:0, instance:tests.LoginTest@29176cc1]" started-at="2026-05-25T14:50:39 IST" name="tearDown" finished-at="2026-05-25T14:50:39 IST" duration-ms="453" status="PASS">
          <reporter-output>
          </reporter-output>
        </test-method> <!-- tearDown -->
        <test-method is-config="true" signature="setup()[pri:0, instance:tests.LoginTest@29176cc1]" started-at="2026-05-25T14:50:39 IST" name="setup" finished-at="2026-05-25T14:50:42 IST" duration-ms="2403" status="PASS">
          <reporter-output>
          </reporter-output>
        </test-method> <!-- setup -->
        <test-method signature="verifyWarningMessage()[pri:5, instance:tests.LoginTest@29176cc1]" started-at="2026-05-25T14:50:42 IST" name="verifyWarningMessage" finished-at="2026-05-25T14:50:44 IST" duration-ms="1945" status="PASS">
          <reporter-output>
          </reporter-output>
        </test-method> <!-- verifyWarningMessage -->
        <test-method is-config="true" signature="tearDown()[pri:0, instance:tests.LoginTest@29176cc1]" started-at="2026-05-25T14:50:44 IST" name="tearDown" finished-at="2026-05-25T14:50:44 IST" duration-ms="526" status="PASS">
          <reporter-output>
          </reporter-output>
        </test-method> <!-- tearDown -->
        <test-method is-config="true" signature="setup()[pri:0, instance:tests.LoginTest@29176cc1]" started-at="2026-05-25T14:50:44 IST" name="setup" finished-at="2026-05-25T14:50:46 IST" duration-ms="2313" status="PASS">
          <reporter-output>
          </reporter-output>
        </test-method> <!-- setup -->
        <test-method signature="verifyLoginPageUI()[pri:6, instance:tests.LoginTest@29176cc1]" started-at="2026-05-25T14:50:46 IST" name="verifyLoginPageUI" finished-at="2026-05-25T14:50:47 IST" duration-ms="898" status="PASS">
          <reporter-output>
          </reporter-output>
        </test-method> <!-- verifyLoginPageUI -->
        <test-method is-config="true" signature="tearDown()[pri:0, instance:tests.LoginTest@29176cc1]" started-at="2026-05-25T14:50:47 IST" name="tearDown" finished-at="2026-05-25T14:50:48 IST" duration-ms="585" status="PASS">
          <reporter-output>
          </reporter-output>
        </test-method> <!-- tearDown -->
      </class> <!-- tests.LoginTest -->
      <class name="tests.CartTest">
        <test-method is-config="true" signature="setup()[pri:0, instance:tests.CartTest@2928854b]" started-at="2026-05-25T14:48:32 IST" name="setup" finished-at="2026-05-25T14:48:34 IST" duration-ms="2438" status="PASS">
          <reporter-output>
          </reporter-output>
        </test-method> <!-- setup -->
        <test-method signature="addProductToCart()[pri:1, instance:tests.CartTest@2928854b]" started-at="2026-05-25T14:48:34 IST" name="addProductToCart" finished-at="2026-05-25T14:48:36 IST" duration-ms="2092" status="PASS">
          <reporter-output>
          </reporter-output>
        </test-method> <!-- addProductToCart -->
        <test-method is-config="true" signature="tearDown()[pri:0, instance:tests.CartTest@2928854b]" started-at="2026-05-25T14:48:36 IST" name="tearDown" finished-at="2026-05-25T14:48:37 IST" duration-ms="793" status="PASS">
          <reporter-output>
          </reporter-output>
        </test-method> <!-- tearDown -->
        <test-method is-config="true" signature="setup()[pri:0, instance:tests.CartTest@2928854b]" started-at="2026-05-25T14:48:37 IST" name="setup" finished-at="2026-05-25T14:48:40 IST" duration-ms="2852" status="PASS">
          <reporter-output>
          </reporter-output>
        </test-method> <!-- setup -->
        <test-method signature="updateProductQuantity()[pri:2, instance:tests.CartTest@2928854b]" started-at="2026-05-25T14:48:40 IST" name="updateProductQuantity" finished-at="2026-05-25T14:48:44 IST" duration-ms="4440" status="PASS">
          <reporter-output>
          </reporter-output>
        </test-method> <!-- updateProductQuantity -->
        <test-method is-config="true" signature="tearDown()[pri:0, instance:tests.CartTest@2928854b]" started-at="2026-05-25T14:48:44 IST" name="tearDown" finished-at="2026-05-25T14:48:45 IST" duration-ms="701" status="PASS">
          <reporter-output>
          </reporter-output>
        </test-method> <!-- tearDown -->
        <test-method is-config="true" signature="setup()[pri:0, instance:tests.CartTest@2928854b]" started-at="2026-05-25T14:48:45 IST" name="setup" finished-at="2026-05-25T14:48:47 IST" duration-ms="2273" status="PASS">
          <reporter-output>
          </reporter-output>
        </test-method> <!-- setup -->
        <test-method signature="removeProductFromCart()[pri:3, instance:tests.CartTest@2928854b]" started-at="2026-05-25T14:48:47 IST" name="removeProductFromCart" finished-at="2026-05-25T14:48:51 IST" duration-ms="3562" status="PASS">
          <reporter-output>
          </reporter-output>
        </test-method> <!-- removeProductFromCart -->
        <test-method is-config="true" signature="tearDown()[pri:0, instance:tests.CartTest@2928854b]" started-at="2026-05-25T14:48:51 IST" name="tearDown" finished-at="2026-05-25T14:48:52 IST" duration-ms="562" status="PASS">
          <reporter-output>
          </reporter-output>
        </test-method> <!-- tearDown -->
        <test-method is-config="true" signature="setup()[pri:0, instance:tests.CartTest@2928854b]" started-at="2026-05-25T14:48:52 IST" name="setup" finished-at="2026-05-25T14:48:54 IST" duration-ms="2657" status="PASS">
          <reporter-output>
          </reporter-output>
        </test-method> <!-- setup -->
        <test-method signature="verifyTotalAmount()[pri:4, instance:tests.CartTest@2928854b]" started-at="2026-05-25T14:48:54 IST" name="verifyTotalAmount" finished-at="2026-05-25T14:48:58 IST" duration-ms="3711" status="PASS">
          <reporter-output>
          </reporter-output>
        </test-method> <!-- verifyTotalAmount -->
        <test-method is-config="true" signature="tearDown()[pri:0, instance:tests.CartTest@2928854b]" started-at="2026-05-25T14:48:58 IST" name="tearDown" finished-at="2026-05-25T14:48:59 IST" duration-ms="585" status="PASS">
          <reporter-output>
          </reporter-output>
        </test-method> <!-- tearDown -->
        <test-method is-config="true" signature="setup()[pri:0, instance:tests.CartTest@2928854b]" started-at="2026-05-25T14:48:59 IST" name="setup" finished-at="2026-05-25T14:49:01 IST" duration-ms="2281" status="PASS">
          <reporter-output>
          </reporter-output>
        </test-method> <!-- setup -->
        <test-method signature="verifyEmptyCartMessage()[pri:5, instance:tests.CartTest@2928854b]" started-at="2026-05-25T14:49:01 IST" name="verifyEmptyCartMessage" finished-at="2026-05-25T14:49:05 IST" duration-ms="4442" status="PASS">
          <reporter-output>
          </reporter-output>
        </test-method> <!-- verifyEmptyCartMessage -->
        <test-method is-config="true" signature="tearDown()[pri:0, instance:tests.CartTest@2928854b]" started-at="2026-05-25T14:49:05 IST" name="tearDown" finished-at="2026-05-25T14:49:06 IST" duration-ms="605" status="PASS">
          <reporter-output>
          </reporter-output>
        </test-method> <!-- tearDown -->
      </class> <!-- tests.CartTest -->
      <class name="tests.RegistrationTest">
        <test-method is-config="true" signature="setup()[pri:0, instance:tests.RegistrationTest@4278a03f]" started-at="2026-05-25T14:51:23 IST" name="setup" finished-at="2026-05-25T14:51:25 IST" duration-ms="2276" status="PASS">
          <reporter-output>
          </reporter-output>
        </test-method> <!-- setup -->
        <test-method signature="registerWithMandatoryFields()[pri:1, instance:tests.RegistrationTest@4278a03f]" started-at="2026-05-25T14:51:25 IST" name="registerWithMandatoryFields" finished-at="2026-05-25T14:51:28 IST" duration-ms="3109" status="PASS">
          <reporter-output>
          </reporter-output>
        </test-method> <!-- registerWithMandatoryFields -->
        <test-method is-config="true" signature="tearDown()[pri:0, instance:tests.RegistrationTest@4278a03f]" started-at="2026-05-25T14:51:28 IST" name="tearDown" finished-at="2026-05-25T14:51:29 IST" duration-ms="606" status="PASS">
          <reporter-output>
          </reporter-output>
        </test-method> <!-- tearDown -->
        <test-method is-config="true" signature="setup()[pri:0, instance:tests.RegistrationTest@4278a03f]" started-at="2026-05-25T14:51:29 IST" name="setup" finished-at="2026-05-25T14:51:31 IST" duration-ms="1844" status="PASS">
          <reporter-output>
          </reporter-output>
        </test-method> <!-- setup -->
        <test-method signature="registerWithExistingEmail()[pri:2, instance:tests.RegistrationTest@4278a03f]" started-at="2026-05-25T14:51:31 IST" name="registerWithExistingEmail" finished-at="2026-05-25T14:51:34 IST" duration-ms="3182" status="PASS">
          <reporter-output>
          </reporter-output>
        </test-method> <!-- registerWithExistingEmail -->
        <test-method is-config="true" signature="tearDown()[pri:0, instance:tests.RegistrationTest@4278a03f]" started-at="2026-05-25T14:51:34 IST" name="tearDown" finished-at="2026-05-25T14:51:34 IST" duration-ms="538" status="PASS">
          <reporter-output>
          </reporter-output>
        </test-method> <!-- tearDown -->
        <test-method is-config="true" signature="setup()[pri:0, instance:tests.RegistrationTest@4278a03f]" started-at="2026-05-25T14:51:34 IST" name="setup" finished-at="2026-05-25T14:51:36 IST" duration-ms="2193" status="PASS">
          <reporter-output>
          </reporter-output>
        </test-method> <!-- setup -->
        <test-method signature="registerWithoutFillingFields()[pri:3, instance:tests.RegistrationTest@4278a03f]" started-at="2026-05-25T14:51:36 IST" name="registerWithoutFillingFields" finished-at="2026-05-25T14:51:38 IST" duration-ms="1674" status="PASS">
          <reporter-output>
          </reporter-output>
        </test-method> <!-- registerWithoutFillingFields -->
        <test-method is-config="true" signature="tearDown()[pri:0, instance:tests.RegistrationTest@4278a03f]" started-at="2026-05-25T14:51:38 IST" name="tearDown" finished-at="2026-05-25T14:51:39 IST" duration-ms="467" status="PASS">
          <reporter-output>
          </reporter-output>
        </test-method> <!-- tearDown -->
        <test-method is-config="true" signature="setup()[pri:0, instance:tests.RegistrationTest@4278a03f]" started-at="2026-05-25T14:51:39 IST" name="setup" finished-at="2026-05-25T14:51:41 IST" duration-ms="2263" status="PASS">
          <reporter-output>
          </reporter-output>
        </test-method> <!-- setup -->
        <test-method signature="verifyPasswordMismatch()[pri:4, instance:tests.RegistrationTest@4278a03f]" started-at="2026-05-25T14:51:41 IST" name="verifyPasswordMismatch" finished-at="2026-05-25T14:51:44 IST" duration-ms="2888" status="PASS">
          <reporter-output>
          </reporter-output>
        </test-method> <!-- verifyPasswordMismatch -->
        <test-method is-config="true" signature="tearDown()[pri:0, instance:tests.RegistrationTest@4278a03f]" started-at="2026-05-25T14:51:44 IST" name="tearDown" finished-at="2026-05-25T14:51:44 IST" duration-ms="454" status="PASS">
          <reporter-output>
          </reporter-output>
        </test-method> <!-- tearDown -->
        <test-method is-config="true" signature="setup()[pri:0, instance:tests.RegistrationTest@4278a03f]" started-at="2026-05-25T14:51:44 IST" name="setup" finished-at="2026-05-25T14:51:46 IST" duration-ms="2319" status="PASS">
          <reporter-output>
          </reporter-output>
        </test-method> <!-- setup -->
        <test-method signature="verifyPrivacyPolicyWarning()[pri:5, instance:tests.RegistrationTest@4278a03f]" started-at="2026-05-25T14:51:46 IST" name="verifyPrivacyPolicyWarning" finished-at="2026-05-25T14:51:49 IST" duration-ms="2512" status="PASS">
          <reporter-output>
          </reporter-output>
        </test-method> <!-- verifyPrivacyPolicyWarning -->
        <test-method is-config="true" signature="tearDown()[pri:0, instance:tests.RegistrationTest@4278a03f]" started-at="2026-05-25T14:51:49 IST" name="tearDown" finished-at="2026-05-25T14:51:50 IST" duration-ms="552" status="PASS">
          <reporter-output>
          </reporter-output>
        </test-method> <!-- tearDown -->
        <test-method is-config="true" signature="setup()[pri:0, instance:tests.RegistrationTest@4278a03f]" started-at="2026-05-25T14:51:50 IST" name="setup" finished-at="2026-05-25T14:51:52 IST" duration-ms="2386" status="PASS">
          <reporter-output>
          </reporter-output>
        </test-method> <!-- setup -->
        <test-method signature="verifySuccessfulAccountCreation()[pri:6, instance:tests.RegistrationTest@4278a03f]" started-at="2026-05-25T14:51:52 IST" name="verifySuccessfulAccountCreation" finished-at="2026-05-25T14:51:55 IST" duration-ms="2830" status="PASS">
          <reporter-output>
          </reporter-output>
        </test-method> <!-- verifySuccessfulAccountCreation -->
        <test-method is-config="true" signature="tearDown()[pri:0, instance:tests.RegistrationTest@4278a03f]" started-at="2026-05-25T14:51:55 IST" name="tearDown" finished-at="2026-05-25T14:51:55 IST" duration-ms="465" status="PASS">
          <reporter-output>
          </reporter-output>
        </test-method> <!-- tearDown -->
      </class> <!-- tests.RegistrationTest -->
      <class name="tests.CheckoutTest">
        <test-method is-config="true" signature="setup()[pri:0, instance:tests.CheckoutTest@27ae2fd0]" started-at="2026-05-25T14:49:06 IST" name="setup" finished-at="2026-05-25T14:49:08 IST" duration-ms="2517" status="PASS">
          <reporter-output>
          </reporter-output>
        </test-method> <!-- setup -->
        <test-method signature="proceedToCheckout()[pri:1, instance:tests.CheckoutTest@27ae2fd0]" started-at="2026-05-25T14:49:08 IST" name="proceedToCheckout" finished-at="2026-05-25T14:49:15 IST" duration-ms="6242" status="PASS">
          <reporter-output>
          </reporter-output>
        </test-method> <!-- proceedToCheckout -->
        <test-method is-config="true" signature="tearDown()[pri:0, instance:tests.CheckoutTest@27ae2fd0]" started-at="2026-05-25T14:49:15 IST" name="tearDown" finished-at="2026-05-25T14:49:15 IST" duration-ms="618" status="PASS">
          <reporter-output>
          </reporter-output>
        </test-method> <!-- tearDown -->
        <test-method is-config="true" signature="setup()[pri:0, instance:tests.CheckoutTest@27ae2fd0]" started-at="2026-05-25T14:49:15 IST" name="setup" finished-at="2026-05-25T14:49:17 IST" duration-ms="1884" status="PASS">
          <reporter-output>
          </reporter-output>
        </test-method> <!-- setup -->
        <test-method signature="verifyBillingDetails()[pri:2, instance:tests.CheckoutTest@27ae2fd0]" started-at="2026-05-25T14:49:17 IST" name="verifyBillingDetails" finished-at="2026-05-25T14:49:25 IST" duration-ms="7516" status="PASS">
          <reporter-output>
          </reporter-output>
        </test-method> <!-- verifyBillingDetails -->
        <test-method is-config="true" signature="tearDown()[pri:0, instance:tests.CheckoutTest@27ae2fd0]" started-at="2026-05-25T14:49:25 IST" name="tearDown" finished-at="2026-05-25T14:49:25 IST" duration-ms="794" status="PASS">
          <reporter-output>
          </reporter-output>
        </test-method> <!-- tearDown -->
        <test-method is-config="true" signature="setup()[pri:0, instance:tests.CheckoutTest@27ae2fd0]" started-at="2026-05-25T14:49:25 IST" name="setup" finished-at="2026-05-25T14:49:27 IST" duration-ms="1954" status="PASS">
          <reporter-output>
          </reporter-output>
        </test-method> <!-- setup -->
        <test-method signature="verifyDeliveryDetails()[pri:3, instance:tests.CheckoutTest@27ae2fd0]" started-at="2026-05-25T14:49:27 IST" name="verifyDeliveryDetails" finished-at="2026-05-25T14:49:35 IST" duration-ms="7124" status="PASS">
          <reporter-output>
          </reporter-output>
        </test-method> <!-- verifyDeliveryDetails -->
        <test-method is-config="true" signature="tearDown()[pri:0, instance:tests.CheckoutTest@27ae2fd0]" started-at="2026-05-25T14:49:35 IST" name="tearDown" finished-at="2026-05-25T14:49:36 IST" duration-ms="1807" status="PASS">
          <reporter-output>
          </reporter-output>
        </test-method> <!-- tearDown -->
        <test-method is-config="true" signature="setup()[pri:0, instance:tests.CheckoutTest@27ae2fd0]" started-at="2026-05-25T14:49:36 IST" name="setup" finished-at="2026-05-25T14:49:39 IST" duration-ms="2679" status="PASS">
          <reporter-output>
          </reporter-output>
        </test-method> <!-- setup -->
        <test-method signature="verifyPaymentMethod()[pri:4, instance:tests.CheckoutTest@27ae2fd0]" started-at="2026-05-25T14:49:39 IST" name="verifyPaymentMethod" finished-at="2026-05-25T14:49:46 IST" duration-ms="7298" status="PASS">
          <reporter-output>
          </reporter-output>
        </test-method> <!-- verifyPaymentMethod -->
        <test-method is-config="true" signature="tearDown()[pri:0, instance:tests.CheckoutTest@27ae2fd0]" started-at="2026-05-25T14:49:46 IST" name="tearDown" finished-at="2026-05-25T14:49:47 IST" duration-ms="647" status="PASS">
          <reporter-output>
          </reporter-output>
        </test-method> <!-- tearDown -->
        <test-method is-config="true" signature="setup()[pri:0, instance:tests.CheckoutTest@27ae2fd0]" started-at="2026-05-25T14:49:47 IST" name="setup" finished-at="2026-05-25T14:49:49 IST" duration-ms="1743" status="PASS">
          <reporter-output>
          </reporter-output>
        </test-method> <!-- setup -->
        <test-method signature="confirmOrderSuccessfully()[pri:5, instance:tests.CheckoutTest@27ae2fd0]" started-at="2026-05-25T14:49:49 IST" name="confirmOrderSuccessfully" finished-at="2026-05-25T14:50:03 IST" duration-ms="14358" status="PASS">
          <reporter-output>
          </reporter-output>
        </test-method> <!-- confirmOrderSuccessfully -->
        <test-method is-config="true" signature="tearDown()[pri:0, instance:tests.CheckoutTest@27ae2fd0]" started-at="2026-05-25T14:50:03 IST" name="tearDown" finished-at="2026-05-25T14:50:04 IST" duration-ms="754" status="PASS">
          <reporter-output>
          </reporter-output>
        </test-method> <!-- tearDown -->
      </class> <!-- tests.CheckoutTest -->
      <class name="runner.TestRunner">
        <test-method is-config="true" signature="setUpClass(org.testng.ITestContext)[pri:0, instance:runner.TestRunner@12d4bf7e]" started-at="2026-05-25T14:47:31 IST" name="setUpClass" finished-at="2026-05-25T14:47:32 IST" duration-ms="1027" status="PASS">
          <params>
            <param index="0">
              <value>
                <![CDATA[org.testng.TestRunner@e30573c]]>
              </value>
            </param>
          </params>
          <reporter-output>
          </reporter-output>
        </test-method> <!-- setUpClass -->
        <test-method signature="runScenario(io.cucumber.testng.PickleWrapper,io.cucumber.testng.FeatureWrapper)[pri:0, instance:runner.TestRunner@12d4bf7e]" started-at="2026-05-25T14:47:32 IST" name="runScenario" description="Runs Cucumber Scenarios" data-provider="scenarios" finished-at="2026-05-25T14:47:42 IST" duration-ms="10438" status="PASS">
          <params>
            <param index="0">
              <value>
                <![CDATA["Add product to cart"]]>
              </value>
            </param>
            <param index="1">
              <value>
                <![CDATA["Cart Module"]]>
              </value>
            </param>
          </params>
          <reporter-output>
          </reporter-output>
        </test-method> <!-- runScenario -->
        <test-method signature="runScenario(io.cucumber.testng.PickleWrapper,io.cucumber.testng.FeatureWrapper)[pri:0, instance:runner.TestRunner@12d4bf7e]" started-at="2026-05-25T14:47:42 IST" name="runScenario" description="Runs Cucumber Scenarios" data-provider="scenarios" finished-at="2026-05-25T14:48:01 IST" duration-ms="18428" status="PASS">
          <params>
            <param index="0">
              <value>
                <![CDATA["Complete checkout successfully"]]>
              </value>
            </param>
            <param index="1">
              <value>
                <![CDATA["Checkout Module"]]>
              </value>
            </param>
          </params>
          <reporter-output>
          </reporter-output>
        </test-method> <!-- runScenario -->
        <test-method signature="runScenario(io.cucumber.testng.PickleWrapper,io.cucumber.testng.FeatureWrapper)[pri:0, instance:runner.TestRunner@12d4bf7e]" started-at="2026-05-25T14:48:01 IST" name="runScenario" description="Runs Cucumber Scenarios" data-provider="scenarios" finished-at="2026-05-25T14:48:08 IST" duration-ms="7705" status="PASS">
          <params>
            <param index="0">
              <value>
                <![CDATA["Login with valid credentials"]]>
              </value>
            </param>
            <param index="1">
              <value>
                <![CDATA["Login Module"]]>
              </value>
            </param>
          </params>
          <reporter-output>
          </reporter-output>
        </test-method> <!-- runScenario -->
        <test-method signature="runScenario(io.cucumber.testng.PickleWrapper,io.cucumber.testng.FeatureWrapper)[pri:0, instance:runner.TestRunner@12d4bf7e]" started-at="2026-05-25T14:48:08 IST" name="runScenario" description="Runs Cucumber Scenarios" data-provider="scenarios" finished-at="2026-05-25T14:48:15 IST" duration-ms="6474" status="PASS">
          <params>
            <param index="0">
              <value>
                <![CDATA["Login with invalid email"]]>
              </value>
            </param>
            <param index="1">
              <value>
                <![CDATA["Login Module"]]>
              </value>
            </param>
          </params>
          <reporter-output>
          </reporter-output>
        </test-method> <!-- runScenario -->
        <test-method signature="runScenario(io.cucumber.testng.PickleWrapper,io.cucumber.testng.FeatureWrapper)[pri:0, instance:runner.TestRunner@12d4bf7e]" started-at="2026-05-25T14:48:15 IST" name="runScenario" description="Runs Cucumber Scenarios" data-provider="scenarios" finished-at="2026-05-25T14:48:21 IST" duration-ms="6470" status="PASS">
          <params>
            <param index="0">
              <value>
                <![CDATA["Logout successfully"]]>
              </value>
            </param>
            <param index="1">
              <value>
                <![CDATA["Logout Module"]]>
              </value>
            </param>
          </params>
          <reporter-output>
          </reporter-output>
        </test-method> <!-- runScenario -->
        <test-method signature="runScenario(io.cucumber.testng.PickleWrapper,io.cucumber.testng.FeatureWrapper)[pri:0, instance:runner.TestRunner@12d4bf7e]" started-at="2026-05-25T14:48:21 IST" name="runScenario" description="Runs Cucumber Scenarios" data-provider="scenarios" finished-at="2026-05-25T14:48:28 IST" duration-ms="6478" status="PASS">
          <params>
            <param index="0">
              <value>
                <![CDATA["Register successfully"]]>
              </value>
            </param>
            <param index="1">
              <value>
                <![CDATA["Registration Module"]]>
              </value>
            </param>
          </params>
          <reporter-output>
          </reporter-output>
        </test-method> <!-- runScenario -->
        <test-method signature="runScenario(io.cucumber.testng.PickleWrapper,io.cucumber.testng.FeatureWrapper)[pri:0, instance:runner.TestRunner@12d4bf7e]" started-at="2026-05-25T14:48:28 IST" name="runScenario" description="Runs Cucumber Scenarios" data-provider="scenarios" finished-at="2026-05-25T14:48:32 IST" duration-ms="4187" status="PASS">
          <params>
            <param index="0">
              <value>
                <![CDATA["Search valid product"]]>
              </value>
            </param>
            <param index="1">
              <value>
                <![CDATA["Search Product"]]>
              </value>
            </param>
          </params>
          <reporter-output>
          </reporter-output>
        </test-method> <!-- runScenario -->
        <test-method is-config="true" signature="tearDownClass()[pri:0, instance:runner.TestRunner@12d4bf7e]" started-at="2026-05-25T14:48:32 IST" name="tearDownClass" finished-at="2026-05-25T14:48:32 IST" duration-ms="28" status="PASS">
          <reporter-output>
          </reporter-output>
        </test-method> <!-- tearDownClass -->
      </class> <!-- runner.TestRunner -->
      <class name="tests.LogoutTest">
        <test-method is-config="true" signature="setup()[pri:0, instance:tests.LogoutTest@2f177a4b]" started-at="2026-05-25T14:50:48 IST" name="setup" finished-at="2026-05-25T14:50:50 IST" duration-ms="2456" status="PASS">
          <reporter-output>
          </reporter-output>
        </test-method> <!-- setup -->
        <test-method signature="logoutSuccessfully()[pri:1, instance:tests.LogoutTest@2f177a4b]" started-at="2026-05-25T14:50:50 IST" name="logoutSuccessfully" finished-at="2026-05-25T14:50:54 IST" duration-ms="3187" status="PASS">
          <reporter-output>
          </reporter-output>
        </test-method> <!-- logoutSuccessfully -->
        <test-method is-config="true" signature="tearDown()[pri:0, instance:tests.LogoutTest@2f177a4b]" started-at="2026-05-25T14:50:54 IST" name="tearDown" finished-at="2026-05-25T14:50:54 IST" duration-ms="531" status="PASS">
          <reporter-output>
          </reporter-output>
        </test-method> <!-- tearDown -->
        <test-method is-config="true" signature="setup()[pri:0, instance:tests.LogoutTest@2f177a4b]" started-at="2026-05-25T14:50:54 IST" name="setup" finished-at="2026-05-25T14:50:57 IST" duration-ms="2392" status="PASS">
          <reporter-output>
          </reporter-output>
        </test-method> <!-- setup -->
        <test-method signature="verifyRedirectAfterLogout()[pri:2, instance:tests.LogoutTest@2f177a4b]" started-at="2026-05-25T14:50:57 IST" name="verifyRedirectAfterLogout" finished-at="2026-05-25T14:51:00 IST" duration-ms="3480" status="PASS">
          <reporter-output>
          </reporter-output>
        </test-method> <!-- verifyRedirectAfterLogout -->
        <test-method is-config="true" signature="tearDown()[pri:0, instance:tests.LogoutTest@2f177a4b]" started-at="2026-05-25T14:51:00 IST" name="tearDown" finished-at="2026-05-25T14:51:01 IST" duration-ms="703" status="PASS">
          <reporter-output>
          </reporter-output>
        </test-method> <!-- tearDown -->
        <test-method is-config="true" signature="setup()[pri:0, instance:tests.LogoutTest@2f177a4b]" started-at="2026-05-25T14:51:01 IST" name="setup" finished-at="2026-05-25T14:51:04 IST" duration-ms="2841" status="PASS">
          <reporter-output>
          </reporter-output>
        </test-method> <!-- setup -->
        <test-method signature="verifyLogoutMessage()[pri:3, instance:tests.LogoutTest@2f177a4b]" started-at="2026-05-25T14:51:04 IST" name="verifyLogoutMessage" finished-at="2026-05-25T14:51:08 IST" duration-ms="4799" status="PASS">
          <reporter-output>
          </reporter-output>
        </test-method> <!-- verifyLogoutMessage -->
        <test-method is-config="true" signature="tearDown()[pri:0, instance:tests.LogoutTest@2f177a4b]" started-at="2026-05-25T14:51:08 IST" name="tearDown" finished-at="2026-05-25T14:51:09 IST" duration-ms="497" status="PASS">
          <reporter-output>
          </reporter-output>
        </test-method> <!-- tearDown -->
        <test-method is-config="true" signature="setup()[pri:0, instance:tests.LogoutTest@2f177a4b]" started-at="2026-05-25T14:51:09 IST" name="setup" finished-at="2026-05-25T14:51:11 IST" duration-ms="2479" status="PASS">
          <reporter-output>
          </reporter-output>
        </test-method> <!-- setup -->
        <test-method signature="verifySessionEndsAfterLogout()[pri:4, instance:tests.LogoutTest@2f177a4b]" started-at="2026-05-25T14:51:11 IST" name="verifySessionEndsAfterLogout" finished-at="2026-05-25T14:51:16 IST" duration-ms="4271" status="PASS">
          <reporter-output>
          </reporter-output>
        </test-method> <!-- verifySessionEndsAfterLogout -->
        <test-method is-config="true" signature="tearDown()[pri:0, instance:tests.LogoutTest@2f177a4b]" started-at="2026-05-25T14:51:16 IST" name="tearDown" finished-at="2026-05-25T14:51:16 IST" duration-ms="529" status="PASS">
          <reporter-output>
          </reporter-output>
        </test-method> <!-- tearDown -->
        <test-method is-config="true" signature="setup()[pri:0, instance:tests.LogoutTest@2f177a4b]" started-at="2026-05-25T14:51:16 IST" name="setup" finished-at="2026-05-25T14:51:19 IST" duration-ms="2386" status="PASS">
          <reporter-output>
          </reporter-output>
        </test-method> <!-- setup -->
        <test-method signature="verifyMyAccountOptionsAfterLogout()[pri:5, instance:tests.LogoutTest@2f177a4b]" started-at="2026-05-25T14:51:19 IST" name="verifyMyAccountOptionsAfterLogout" finished-at="2026-05-25T14:51:22 IST" duration-ms="3669" status="PASS">
          <reporter-output>
          </reporter-output>
        </test-method> <!-- verifyMyAccountOptionsAfterLogout -->
        <test-method is-config="true" signature="tearDown()[pri:0, instance:tests.LogoutTest@2f177a4b]" started-at="2026-05-25T14:51:22 IST" name="tearDown" finished-at="2026-05-25T14:51:23 IST" duration-ms="491" status="PASS">
          <reporter-output>
          </reporter-output>
        </test-method> <!-- tearDown -->
      </class> <!-- tests.LogoutTest -->
      <class name="tests.SearchTest">
        <test-method is-config="true" signature="setup()[pri:0, instance:tests.SearchTest@147ed70f]" started-at="2026-05-25T14:51:55 IST" name="setup" finished-at="2026-05-25T14:51:58 IST" duration-ms="2356" status="PASS">
          <reporter-output>
          </reporter-output>
        </test-method> <!-- setup -->
        <test-method signature="searchWithValidKeyword()[pri:1, instance:tests.SearchTest@147ed70f]" started-at="2026-05-25T14:51:58 IST" name="searchWithValidKeyword" finished-at="2026-05-25T14:51:59 IST" duration-ms="943" status="PASS">
          <reporter-output>
          </reporter-output>
        </test-method> <!-- searchWithValidKeyword -->
        <test-method is-config="true" signature="tearDown()[pri:0, instance:tests.SearchTest@147ed70f]" started-at="2026-05-25T14:51:59 IST" name="tearDown" finished-at="2026-05-25T14:51:59 IST" duration-ms="552" status="PASS">
          <reporter-output>
          </reporter-output>
        </test-method> <!-- tearDown -->
        <test-method is-config="true" signature="setup()[pri:0, instance:tests.SearchTest@147ed70f]" started-at="2026-05-25T14:51:59 IST" name="setup" finished-at="2026-05-25T14:52:01 IST" duration-ms="2002" status="PASS">
          <reporter-output>
          </reporter-output>
        </test-method> <!-- setup -->
        <test-method signature="searchWithInvalidKeyword()[pri:2, instance:tests.SearchTest@147ed70f]" started-at="2026-05-25T14:52:01 IST" name="searchWithInvalidKeyword" finished-at="2026-05-25T14:52:02 IST" duration-ms="1315" status="PASS">
          <reporter-output>
          </reporter-output>
        </test-method> <!-- searchWithInvalidKeyword -->
        <test-method is-config="true" signature="tearDown()[pri:0, instance:tests.SearchTest@147ed70f]" started-at="2026-05-25T14:52:02 IST" name="tearDown" finished-at="2026-05-25T14:52:03 IST" duration-ms="443" status="PASS">
          <reporter-output>
          </reporter-output>
        </test-method> <!-- tearDown -->
        <test-method is-config="true" signature="setup()[pri:0, instance:tests.SearchTest@147ed70f]" started-at="2026-05-25T14:52:03 IST" name="setup" finished-at="2026-05-25T14:52:05 IST" duration-ms="2422" status="PASS">
          <reporter-output>
          </reporter-output>
        </test-method> <!-- setup -->
        <test-method signature="searchWithEmptyField()[pri:3, instance:tests.SearchTest@147ed70f]" started-at="2026-05-25T14:52:05 IST" name="searchWithEmptyField" finished-at="2026-05-25T14:52:06 IST" duration-ms="656" status="PASS">
          <reporter-output>
          </reporter-output>
        </test-method> <!-- searchWithEmptyField -->
        <test-method is-config="true" signature="tearDown()[pri:0, instance:tests.SearchTest@147ed70f]" started-at="2026-05-25T14:52:06 IST" name="tearDown" finished-at="2026-05-25T14:52:07 IST" duration-ms="599" status="PASS">
          <reporter-output>
          </reporter-output>
        </test-method> <!-- tearDown -->
        <test-method is-config="true" signature="setup()[pri:0, instance:tests.SearchTest@147ed70f]" started-at="2026-05-25T14:52:07 IST" name="setup" finished-at="2026-05-25T14:52:09 IST" duration-ms="2566" status="PASS">
          <reporter-output>
          </reporter-output>
        </test-method> <!-- setup -->
        <test-method signature="verifySearchResults()[pri:4, instance:tests.SearchTest@147ed70f]" started-at="2026-05-25T14:52:09 IST" name="verifySearchResults" finished-at="2026-05-25T14:52:10 IST" duration-ms="984" status="PASS">
          <reporter-output>
          </reporter-output>
        </test-method> <!-- verifySearchResults -->
        <test-method is-config="true" signature="tearDown()[pri:0, instance:tests.SearchTest@147ed70f]" started-at="2026-05-25T14:52:10 IST" name="tearDown" finished-at="2026-05-25T14:52:11 IST" duration-ms="620" status="PASS">
          <reporter-output>
          </reporter-output>
        </test-method> <!-- tearDown -->
        <test-method is-config="true" signature="setup()[pri:0, instance:tests.SearchTest@147ed70f]" started-at="2026-05-25T14:52:11 IST" name="setup" finished-at="2026-05-25T14:52:13 IST" duration-ms="1817" status="PASS">
          <reporter-output>
          </reporter-output>
        </test-method> <!-- setup -->
        <test-method signature="verifyProductDetails()[pri:5, instance:tests.SearchTest@147ed70f]" started-at="2026-05-25T14:52:13 IST" name="verifyProductDetails" finished-at="2026-05-25T14:52:14 IST" duration-ms="1534" status="PASS">
          <reporter-output>
          </reporter-output>
        </test-method> <!-- verifyProductDetails -->
        <test-method is-config="true" signature="tearDown()[pri:0, instance:tests.SearchTest@147ed70f]" started-at="2026-05-25T14:52:14 IST" name="tearDown" finished-at="2026-05-25T14:52:15 IST" duration-ms="570" status="PASS">
          <reporter-output>
          </reporter-output>
        </test-method> <!-- tearDown -->
      </class> <!-- tests.SearchTest -->
    </test> <!-- Surefire test -->
  </suite> <!-- Surefire suite -->
</testng-results>
