<?xml version="1.0" encoding="UTF-8"?>
<testng-results ignored="0" total="6" passed="5" failed="1" skipped="0">
  <reporter-output>
  </reporter-output>
  <suite started-at="2026-05-25T08:13:14 IST" name="TutorialsNinja Suite" finished-at="2026-05-25T08:13:49 IST" duration-ms="34831">
    <groups>
    </groups>
    <test started-at="2026-05-25T08:13:14 IST" name="Login Tests" finished-at="2026-05-25T08:13:49 IST" duration-ms="34831">
      <class name="tests.LoginTest">
        <test-method is-config="true" signature="setUp()[pri:0, instance:tests.LoginTest@75d4a5c2]" started-at="2026-05-25T08:13:14 IST" name="setUp" finished-at="2026-05-25T08:13:20 IST" duration-ms="5875" status="PASS">
          <reporter-output>
          </reporter-output>
        </test-method> <!-- setUp -->
        <test-method signature="loginWithValidCredentials()[pri:1, instance:tests.LoginTest@75d4a5c2]" started-at="2026-05-25T08:13:20 IST" name="loginWithValidCredentials" finished-at="2026-05-25T08:13:23 IST" duration-ms="3608" status="FAIL">
          <exception class="java.lang.AssertionError">
            <message>
              <![CDATA[expected [true] but found [false]]]>
            </message>
            <full-stacktrace>
              <![CDATA[java.lang.AssertionError: expected [true] but found [false]
at org.testng.Assert.fail(Assert.java:111)
at org.testng.Assert.failNotEquals(Assert.java:1590)
at org.testng.Assert.assertTrue(Assert.java:57)
at org.testng.Assert.assertTrue(Assert.java:67)
at tests.LoginTest.loginWithValidCredentials(LoginTest.java:23)
at java.base/jdk.internal.reflect.NativeMethodAccessorImpl.invoke0(Native Method)
at java.base/jdk.internal.reflect.NativeMethodAccessorImpl.invoke(NativeMethodAccessorImpl.java:78)
at java.base/jdk.internal.reflect.DelegatingMethodAccessorImpl.invoke(DelegatingMethodAccessorImpl.java:43)
at java.base/java.lang.reflect.Method.invoke(Method.java:567)
at org.testng.internal.invokers.MethodInvocationHelper.invokeMethod(MethodInvocationHelper.java:141)
at org.testng.internal.invokers.TestInvoker.invokeMethod(TestInvoker.java:687)
at org.testng.internal.invokers.TestInvoker.invokeTestMethod(TestInvoker.java:230)
at org.testng.internal.invokers.MethodRunner.runInSequence(MethodRunner.java:63)
at org.testng.internal.invokers.TestInvoker$MethodInvocationAgent.invoke(TestInvoker.java:995)
at org.testng.internal.invokers.TestInvoker.invokeTestMethods(TestInvoker.java:203)
at org.testng.internal.invokers.TestMethodWorker.invokeTestMethods(TestMethodWorker.java:154)
at org.testng.internal.invokers.TestMethodWorker.run(TestMethodWorker.java:134)
at java.base/java.util.ArrayList.forEach(ArrayList.java:1511)
at org.testng.TestRunner.privateRun(TestRunner.java:741)
at org.testng.TestRunner.run(TestRunner.java:616)
at org.testng.SuiteRunner.runTest(SuiteRunner.java:421)
at org.testng.SuiteRunner.runSequentially(SuiteRunner.java:413)
at org.testng.SuiteRunner.privateRun(SuiteRunner.java:373)
at org.testng.SuiteRunner.run(SuiteRunner.java:312)
at org.testng.SuiteRunnerWorker.runSuite(SuiteRunnerWorker.java:52)
at org.testng.SuiteRunnerWorker.run(SuiteRunnerWorker.java:95)
at org.testng.TestNG.runSuitesSequentially(TestNG.java:1274)
at org.testng.TestNG.runSuitesLocally(TestNG.java:1208)
at org.testng.TestNG.runSuites(TestNG.java:1112)
at org.testng.TestNG.run(TestNG.java:1079)
at org.testng.remote.AbstractRemoteTestNG.run(AbstractRemoteTestNG.java:115)
at org.testng.remote.RemoteTestNG.initAndRun(RemoteTestNG.java:293)
at org.testng.remote.RemoteTestNG.main(RemoteTestNG.java:91)
]]>
            </full-stacktrace>
          </exception> <!-- java.lang.AssertionError -->
          <reporter-output>
          </reporter-output>
        </test-method> <!-- loginWithValidCredentials -->
        <test-method is-config="true" signature="tearDown()[pri:0, instance:tests.LoginTest@75d4a5c2]" started-at="2026-05-25T08:13:23 IST" name="tearDown" finished-at="2026-05-25T08:13:25 IST" duration-ms="1627" status="PASS">
          <reporter-output>
          </reporter-output>
        </test-method> <!-- tearDown -->
        <test-method is-config="true" signature="setUp()[pri:0, instance:tests.LoginTest@75d4a5c2]" started-at="2026-05-25T08:13:25 IST" name="setUp" finished-at="2026-05-25T08:13:27 IST" duration-ms="1794" status="PASS">
          <reporter-output>
          </reporter-output>
        </test-method> <!-- setUp -->
        <test-method signature="loginWithInvalidEmail()[pri:2, instance:tests.LoginTest@75d4a5c2]" started-at="2026-05-25T08:13:27 IST" name="loginWithInvalidEmail" finished-at="2026-05-25T08:13:29 IST" duration-ms="2636" status="PASS">
          <reporter-output>
          </reporter-output>
        </test-method> <!-- loginWithInvalidEmail -->
        <test-method is-config="true" signature="tearDown()[pri:0, instance:tests.LoginTest@75d4a5c2]" started-at="2026-05-25T08:13:29 IST" name="tearDown" finished-at="2026-05-25T08:13:31 IST" duration-ms="1138" status="PASS">
          <reporter-output>
          </reporter-output>
        </test-method> <!-- tearDown -->
        <test-method is-config="true" signature="setUp()[pri:0, instance:tests.LoginTest@75d4a5c2]" started-at="2026-05-25T08:13:31 IST" name="setUp" finished-at="2026-05-25T08:13:33 IST" duration-ms="2011" status="PASS">
          <reporter-output>
          </reporter-output>
        </test-method> <!-- setUp -->
        <test-method signature="loginWithInvalidPassword()[pri:3, instance:tests.LoginTest@75d4a5c2]" started-at="2026-05-25T08:13:33 IST" name="loginWithInvalidPassword" finished-at="2026-05-25T08:13:34 IST" duration-ms="1718" status="PASS">
          <reporter-output>
          </reporter-output>
        </test-method> <!-- loginWithInvalidPassword -->
        <test-method is-config="true" signature="tearDown()[pri:0, instance:tests.LoginTest@75d4a5c2]" started-at="2026-05-25T08:13:34 IST" name="tearDown" finished-at="2026-05-25T08:13:35 IST" duration-ms="996" status="PASS">
          <reporter-output>
          </reporter-output>
        </test-method> <!-- tearDown -->
        <test-method is-config="true" signature="setUp()[pri:0, instance:tests.LoginTest@75d4a5c2]" started-at="2026-05-25T08:13:35 IST" name="setUp" finished-at="2026-05-25T08:13:37 IST" duration-ms="1589" status="PASS">
          <reporter-output>
          </reporter-output>
        </test-method> <!-- setUp -->
        <test-method signature="loginWithBlankCredentials()[pri:4, instance:tests.LoginTest@75d4a5c2]" started-at="2026-05-25T08:13:37 IST" name="loginWithBlankCredentials" finished-at="2026-05-25T08:13:40 IST" duration-ms="2632" status="PASS">
          <reporter-output>
          </reporter-output>
        </test-method> <!-- loginWithBlankCredentials -->
        <test-method is-config="true" signature="tearDown()[pri:0, instance:tests.LoginTest@75d4a5c2]" started-at="2026-05-25T08:13:40 IST" name="tearDown" finished-at="2026-05-25T08:13:40 IST" duration-ms="931" status="PASS">
          <reporter-output>
          </reporter-output>
        </test-method> <!-- tearDown -->
        <test-method is-config="true" signature="setUp()[pri:0, instance:tests.LoginTest@75d4a5c2]" started-at="2026-05-25T08:13:40 IST" name="setUp" finished-at="2026-05-25T08:13:43 IST" duration-ms="2291" status="PASS">
          <reporter-output>
          </reporter-output>
        </test-method> <!-- setUp -->
        <test-method signature="verifyErrorMessage()[pri:5, instance:tests.LoginTest@75d4a5c2]" started-at="2026-05-25T08:13:43 IST" name="verifyErrorMessage" finished-at="2026-05-25T08:13:44 IST" duration-ms="1272" status="PASS">
          <reporter-output>
          </reporter-output>
        </test-method> <!-- verifyErrorMessage -->
        <test-method is-config="true" signature="tearDown()[pri:0, instance:tests.LoginTest@75d4a5c2]" started-at="2026-05-25T08:13:44 IST" name="tearDown" finished-at="2026-05-25T08:13:45 IST" duration-ms="903" status="PASS">
          <reporter-output>
          </reporter-output>
        </test-method> <!-- tearDown -->
        <test-method is-config="true" signature="setUp()[pri:0, instance:tests.LoginTest@75d4a5c2]" started-at="2026-05-25T08:13:45 IST" name="setUp" finished-at="2026-05-25T08:13:47 IST" duration-ms="1936" status="PASS">
          <reporter-output>
          </reporter-output>
        </test-method> <!-- setUp -->
        <test-method signature="verifyLoginPageUIElements()[pri:6, instance:tests.LoginTest@75d4a5c2]" started-at="2026-05-25T08:13:47 IST" name="verifyLoginPageUIElements" finished-at="2026-05-25T08:13:48 IST" duration-ms="778" status="PASS">
          <reporter-output>
          </reporter-output>
        </test-method> <!-- verifyLoginPageUIElements -->
        <test-method is-config="true" signature="tearDown()[pri:0, instance:tests.LoginTest@75d4a5c2]" started-at="2026-05-25T08:13:48 IST" name="tearDown" finished-at="2026-05-25T08:13:49 IST" duration-ms="963" status="PASS">
          <reporter-output>
          </reporter-output>
        </test-method> <!-- tearDown -->
      </class> <!-- tests.LoginTest -->
    </test> <!-- Login Tests -->
  </suite> <!-- TutorialsNinja Suite -->
</testng-results>
