<?xml version="1.0" encoding="UTF-8"?>
<!-- Generated by org.testng.reporters.JUnitReportReporter -->
<testsuite hostname="Nikita" failures="0" tests="5" name="tests.CartTest" time="30.946" errors="0" timestamp="2026-05-25T17:34:47 IST" skipped="0">
  <testcase classname="tests.CartTest" name="addProductToCart" time="5.655"/>
  <testcase classname="tests.CartTest" name="updateProductQuantity" time="7.602"/>
  <testcase classname="tests.CartTest" name="removeProductFromCart" time="5.800"/>
  <testcase classname="tests.CartTest" name="verifyTotalAmount" time="5.684"/>
  <testcase classname="tests.CartTest" name="verifyEmptyCartMessage" time="6.205"/>
</testsuite> <!-- tests.CartTest -->
