<?xml version="1.0" encoding="UTF-8"?>
<!-- Generated by org.testng.reporters.JUnitReportReporter -->
<testsuite hostname="Nikita" failures="0" tests="5" name="tests.CheckoutTest" time="57.935" errors="0" timestamp="2026-05-25T14:52:15 IST" skipped="0">
  <testcase classname="tests.CheckoutTest" name="proceedToCheckout" time="10.003"/>
  <testcase classname="tests.CheckoutTest" name="verifyBillingDetails" time="10.680"/>
  <testcase classname="tests.CheckoutTest" name="verifyDeliveryDetails" time="9.762"/>
  <testcase classname="tests.CheckoutTest" name="verifyPaymentMethod" time="10.771"/>
  <testcase classname="tests.CheckoutTest" name="confirmOrderSuccessfully" time="16.719"/>
</testsuite> <!-- tests.CheckoutTest -->
