<?xml version="1.0" encoding="UTF-8"?>
<!-- Generated by org.testng.reporters.JUnitReportReporter -->
<testsuite hostname="Nikita" failures="0" tests="6" name="tests.LoginTest" time="31.573" errors="0" timestamp="2026-05-25T22:16:39 IST" skipped="0">
  <testcase classname="tests.LoginTest" name="loginWithValidCredentials" time="4.781"/>
  <testcase classname="tests.LoginTest" name="loginWithInvalidEmail" time="4.392"/>
  <testcase classname="tests.LoginTest" name="loginWithInvalidPassword" time="8.265"/>
  <testcase classname="tests.LoginTest" name="loginWithBlankCredentials" time="4.243"/>
  <testcase classname="tests.LoginTest" name="verifyWarningMessage" time="4.946"/>
  <testcase classname="tests.LoginTest" name="verifyLoginPageUI" time="4.946"/>
</testsuite> <!-- tests.LoginTest -->
