<?xml version="1.0" encoding="UTF-8"?>
<!-- Generated by org.testng.reporters.JUnitReportReporter -->
<testsuite hostname="Nikita" failures="0" tests="5" name="tests.SearchTest" time="17.709" errors="0" timestamp="2026-05-25T22:16:39 IST" skipped="0">
  <testcase classname="tests.SearchTest" name="searchWithValidKeyword" time="3.653"/>
  <testcase classname="tests.SearchTest" name="searchWithInvalidKeyword" time="3.289"/>
  <testcase classname="tests.SearchTest" name="searchWithEmptyField" time="3.646"/>
  <testcase classname="tests.SearchTest" name="verifySearchResults" time="3.628"/>
  <testcase classname="tests.SearchTest" name="verifyProductDetails" time="3.493"/>
</testsuite> <!-- tests.SearchTest -->
