<?xml version="1.0" encoding="UTF-8"?>
<!-- Generated by org.testng.reporters.JUnitReportReporter -->
<testsuite hostname="Nikita" failures="0" tests="5" name="tests.LogoutTest" time="34.711" errors="0" timestamp="2026-05-25T14:52:15 IST" skipped="0">
  <testcase classname="tests.LogoutTest" name="logoutSuccessfully" time="6.064"/>
  <testcase classname="tests.LogoutTest" name="verifyRedirectAfterLogout" time="7.024"/>
  <testcase classname="tests.LogoutTest" name="verifyLogoutMessage" time="7.784"/>
  <testcase classname="tests.LogoutTest" name="verifySessionEndsAfterLogout" time="7.194"/>
  <testcase classname="tests.LogoutTest" name="verifyMyAccountOptionsAfterLogout" time="6.645"/>
</testsuite> <!-- tests.LogoutTest -->
