<?xml version="1.0" encoding="UTF-8"?>
<!-- Generated by org.testng.reporters.JUnitReportReporter -->
<testsuite hostname="Nikita" failures="0" tests="7" name="runner.TestRunner" time="46.383" errors="0" timestamp="2026-05-25T22:16:39 IST" skipped="0">
  <testcase classname="runner.TestRunner" name="runScenario" time="6.330"/>
  <testcase classname="runner.TestRunner" name="runScenario" time="5.622"/>
  <testcase classname="runner.TestRunner" name="runScenario" time="5.536"/>
  <testcase classname="runner.TestRunner" name="runScenario" time="15.576"/>
  <testcase classname="runner.TestRunner" name="runScenario" time="4.414"/>
  <testcase classname="runner.TestRunner" name="runScenario" time="4.883"/>
  <testcase classname="runner.TestRunner" name="runScenario" time="4.022"/>
</testsuite> <!-- runner.TestRunner -->
