<?xml version="1.0" encoding="UTF-8"?>
<!-- Generated by org.testng.reporters.JUnitReportReporter -->
<testsuite hostname="Nikita" failures="0" tests="6" name="tests.RegistrationTest" time="32.558" errors="0" timestamp="2026-05-25T14:52:15 IST" skipped="0">
  <testcase classname="tests.RegistrationTest" name="registerWithMandatoryFields" time="5.991"/>
  <testcase classname="tests.RegistrationTest" name="registerWithExistingEmail" time="6.022"/>
  <testcase classname="tests.RegistrationTest" name="registerWithoutFillingFields" time="4.332"/>
  <testcase classname="tests.RegistrationTest" name="verifyPasswordMismatch" time="5.689"/>
  <testcase classname="tests.RegistrationTest" name="verifyPrivacyPolicyWarning" time="5.383"/>
  <testcase classname="tests.RegistrationTest" name="verifySuccessfulAccountCreation" time="5.141"/>
</testsuite> <!-- tests.RegistrationTest -->
