<?xml version="1.0" encoding="UTF-8"?>
<!-- Generated by org.testng.reporters.JUnitReportReporter -->
<testsuite hostname="Nikita" failures="0" tests="6" name="tests.RegistrationTest" time="35.962" errors="0" timestamp="2026-05-25T17:34:47 IST" skipped="0">
  <testcase classname="tests.RegistrationTest" name="registerWithMandatoryFields" time="5.850"/>
  <testcase classname="tests.RegistrationTest" name="registerWithExistingEmail" time="5.746"/>
  <testcase classname="tests.RegistrationTest" name="registerWithoutFillingFields" time="4.820"/>
  <testcase classname="tests.RegistrationTest" name="verifyPasswordMismatch" time="6.304"/>
  <testcase classname="tests.RegistrationTest" name="verifyPrivacyPolicyWarning" time="6.112"/>
  <testcase classname="tests.RegistrationTest" name="verifySuccessfulAccountCreation" time="7.130"/>
</testsuite> <!-- tests.RegistrationTest -->
