<?xml version="1.0" encoding="UTF-8"?>
<!-- Generated by org.testng.reporters.JUnitReportReporter -->
<testsuite hostname="Nikita" failures="0" tests="5" name="tests.CartTest" time="32.908" errors="0" timestamp="2026-05-25T22:16:39 IST" skipped="0">
  <testcase classname="tests.CartTest" name="addProductToCart" time="3.738"/>
  <testcase classname="tests.CartTest" name="updateProductQuantity" time="6.669"/>
  <testcase classname="tests.CartTest" name="removeProductFromCart" time="8.480"/>
  <testcase classname="tests.CartTest" name="verifyTotalAmount" time="6.026"/>
  <testcase classname="tests.CartTest" name="verifyEmptyCartMessage" time="7.995"/>
</testsuite> <!-- tests.CartTest -->
