<?xml version="1.0" encoding="UTF-8"?>
<!-- Generated by org.testng.reporters.JUnitReportReporter -->
<testsuite hostname="Nikita" failures="0" tests="5" name="tests.CheckoutTest" time="58.167" errors="0" timestamp="2026-05-25T17:34:47 IST" skipped="0">
  <testcase classname="tests.CheckoutTest" name="proceedToCheckout" time="11.905"/>
  <testcase classname="tests.CheckoutTest" name="verifyBillingDetails" time="10.357"/>
  <testcase classname="tests.CheckoutTest" name="verifyDeliveryDetails" time="9.832"/>
  <testcase classname="tests.CheckoutTest" name="verifyPaymentMethod" time="10.702"/>
  <testcase classname="tests.CheckoutTest" name="confirmOrderSuccessfully" time="15.371"/>
</testsuite> <!-- tests.CheckoutTest -->
