<?xml version="1.0" encoding="UTF-8"?>
<!-- Generated by org.testng.reporters.JUnitReportReporter -->
<testsuite hostname="Nikita" failures="0" tests="7" name="runner.TestRunner" time="64.246" errors="0" timestamp="2026-05-25T17:34:47 IST" skipped="0">
  <testcase classname="runner.TestRunner" name="runScenario" time="4.684"/>
  <testcase classname="runner.TestRunner" name="runScenario" time="7.309"/>
  <testcase classname="runner.TestRunner" name="runScenario" time="6.896"/>
  <testcase classname="runner.TestRunner" name="runScenario" time="7.738"/>
  <testcase classname="runner.TestRunner" name="runScenario" time="26.600"/>
  <testcase classname="runner.TestRunner" name="runScenario" time="5.754"/>
  <testcase classname="runner.TestRunner" name="runScenario" time="5.265"/>
</testsuite> <!-- runner.TestRunner -->
