<?xml version="1.0" encoding="UTF-8"?>
<!-- Generated by org.testng.reporters.JUnitReportReporter -->
<testsuite hostname="Nikita" failures="0" tests="6" name="tests.LoginTest" time="44.114" errors="0" timestamp="2026-05-25T14:52:15 IST" skipped="0">
  <testcase classname="tests.LoginTest" name="loginWithValidCredentials" time="15.246"/>
  <testcase classname="tests.LoginTest" name="loginWithInvalidEmail" time="7.752"/>
  <testcase classname="tests.LoginTest" name="loginWithInvalidPassword" time="5.837"/>
  <testcase classname="tests.LoginTest" name="loginWithBlankCredentials" time="5.352"/>
  <testcase classname="tests.LoginTest" name="verifyWarningMessage" time="5.170"/>
  <testcase classname="tests.LoginTest" name="verifyLoginPageUI" time="4.757"/>
</testsuite> <!-- tests.LoginTest -->
