<?xml version="1.0" encoding="UTF-8"?>
<!-- Generated by org.testng.reporters.JUnitReportReporter -->
<testsuite hostname="Nikita" failures="0" tests="5" name="tests.SearchTest" time="19.379" errors="0" timestamp="2026-05-25T14:52:15 IST" skipped="0">
  <testcase classname="tests.SearchTest" name="searchWithValidKeyword" time="3.544"/>
  <testcase classname="tests.SearchTest" name="searchWithInvalidKeyword" time="3.752"/>
  <testcase classname="tests.SearchTest" name="searchWithEmptyField" time="3.774"/>
  <testcase classname="tests.SearchTest" name="verifySearchResults" time="3.976"/>
  <testcase classname="tests.SearchTest" name="verifyProductDetails" time="4.333"/>
</testsuite> <!-- tests.SearchTest -->
