<?xml version="1.0" encoding="UTF-8"?>
<!-- Generated by org.testng.reporters.JUnitReportReporter -->
<testsuite hostname="Nikita" failures="0" tests="5" name="tests.LogoutTest" time="29.573" errors="0" timestamp="2026-05-25T17:34:47 IST" skipped="0">
  <testcase classname="tests.LogoutTest" name="logoutSuccessfully" time="5.243"/>
  <testcase classname="tests.LogoutTest" name="verifyRedirectAfterLogout" time="5.975"/>
  <testcase classname="tests.LogoutTest" name="verifyLogoutMessage" time="5.530"/>
  <testcase classname="tests.LogoutTest" name="verifySessionEndsAfterLogout" time="6.209"/>
  <testcase classname="tests.LogoutTest" name="verifyMyAccountOptionsAfterLogout" time="6.616"/>
</testsuite> <!-- tests.LogoutTest -->
